2022-06-11 06:41:00,271 - celery.beat - INFO - beat: Starting...
2022-06-11 06:41:00,355 - celery.beat - INFO - Scheduler: Sending due task Twitter Scrapping (scrapper.tasks.scrape_twitter)
2022-06-11 06:41:00,366 - celery.worker.strategy - INFO - Task scrapper.tasks.scrape_twitter[4949c3cd-28f4-4908-a611-7c7272ff1149] received
2022-06-11 06:41:00,388 - celery.beat - INFO - Scheduler: Sending due task Substack Scrapping (scrapper.tasks.scrape_substack)
2022-06-11 06:41:00,390 - celery.worker.strategy - INFO - Task scrapper.tasks.scrape_substack[212410f3-71d1-4a8c-b807-d2a35eafa8e0] received
2022-06-11 06:41:00,398 - celery.beat - INFO - Scheduler: Sending due task SeekingAlpha Scraping (scrapper.tasks.scrape_seekingalpha)
2022-06-11 06:41:00,400 - celery.worker.strategy - INFO - Task scrapper.tasks.scrape_seekingalpha[b4b00504-4482-465d-b823-f5608bdb8121] received
2022-06-11 06:41:00,409 - celery.beat - INFO - Scheduler: Sending due task Spotify Scraping (scrapper.tasks.scrape_spotify)
2022-06-11 06:41:00,410 - celery.worker.strategy - INFO - Task scrapper.tasks.scrape_spotify[231adc4d-470c-4057-80fd-42d148e50302] received
2022-06-11 06:41:00,419 - celery.beat - INFO - Scheduler: Sending due task YouTube Scraping (scrapper.tasks.scrape_youtube)
2022-06-11 06:41:00,421 - celery.worker.strategy - INFO - Task scrapper.tasks.scrape_youtube[6620e399-f36d-4087-b61a-4540d1414831] received
2022-06-11 06:41:01,176 - py.warnings - WARNING - /home/ebirdmax/Documents/Programmieren/researchbrowserproject-1/venv/lib/python3.10/site-packages/django/db/models/fields/__init__.py:1416: RuntimeWarning: DateTimeField Article.pub_date received a naive datetime (2022-06-09 15:23:19) while time zone support is active.
  warnings.warn("DateTimeField %s received a naive datetime (%s)"

2022-06-11 06:41:01,195 - py.warnings - WARNING - /home/ebirdmax/Documents/Programmieren/researchbrowserproject-1/venv/lib/python3.10/site-packages/django/db/models/fields/__init__.py:1416: RuntimeWarning: DateTimeField Article.pub_date received a naive datetime (2022-06-08 08:35:00) while time zone support is active.
  warnings.warn("DateTimeField %s received a naive datetime (%s)"

2022-06-11 06:41:01,397 - py.warnings - WARNING - /home/ebirdmax/Documents/Programmieren/researchbrowserproject-1/venv/lib/python3.10/site-packages/django/db/models/fields/__init__.py:1416: RuntimeWarning: DateTimeField Article.pub_date received a naive datetime (2022-06-09 18:15:09) while time zone support is active.
  warnings.warn("DateTimeField %s received a naive datetime (%s)"

2022-06-11 06:41:03,200 - celery.app.trace - INFO - Task scrapper.tasks.scrape_twitter[4949c3cd-28f4-4908-a611-7c7272ff1149] succeeded in 2.833439885999951s: None
2022-06-11 06:41:03,319 - celery.app.trace - INFO - Task scrapper.tasks.scrape_youtube[6620e399-f36d-4087-b61a-4540d1414831] succeeded in 2.8973417760000757s: None
2022-06-11 06:41:05,107 - celery.app.trace - INFO - Task scrapper.tasks.scrape_spotify[231adc4d-470c-4057-80fd-42d148e50302] succeeded in 4.6959520109999175s: None
2022-06-11 06:41:32,602 - py.warnings - WARNING - /home/ebirdmax/Documents/Programmieren/researchbrowserproject-1/venv/lib/python3.10/site-packages/django/db/models/fields/__init__.py:1416: RuntimeWarning: DateTimeField Article.pub_date received a naive datetime (2022-06-10 14:50:04) while time zone support is active.
  warnings.warn("DateTimeField %s received a naive datetime (%s)"

2022-06-11 06:41:32,641 - py.warnings - WARNING - /home/ebirdmax/Documents/Programmieren/researchbrowserproject-1/venv/lib/python3.10/site-packages/django/db/models/fields/__init__.py:1416: RuntimeWarning: DateTimeField Article.pub_date received a naive datetime (2022-06-03 13:03:59) while time zone support is active.
  warnings.warn("DateTimeField %s received a naive datetime (%s)"

2022-06-11 06:42:00,364 - celery.beat - INFO - Scheduler: Sending due task Twitter Scrapping (scrapper.tasks.scrape_twitter)
2022-06-11 06:42:00,367 - celery.worker.strategy - INFO - Task scrapper.tasks.scrape_twitter[8e0f3463-644b-4217-9460-f6db06511745] received
2022-06-11 06:42:01,318 - celery.app.trace - INFO - Task scrapper.tasks.scrape_twitter[8e0f3463-644b-4217-9460-f6db06511745] succeeded in 0.9502702040001623s: None
2022-06-11 06:42:01,618 - py.warnings - WARNING - /home/ebirdmax/Documents/Programmieren/researchbrowserproject-1/venv/lib/python3.10/site-packages/django/db/models/fields/__init__.py:1416: RuntimeWarning: DateTimeField Article.pub_date received a naive datetime (2022-06-10 16:57:14) while time zone support is active.
  warnings.warn("DateTimeField %s received a naive datetime (%s)"

2022-06-11 06:42:01,647 - py.warnings - WARNING - /home/ebirdmax/Documents/Programmieren/researchbrowserproject-1/venv/lib/python3.10/site-packages/django/db/models/fields/__init__.py:1416: RuntimeWarning: DateTimeField Article.pub_date received a naive datetime (2022-06-10 11:29:22) while time zone support is active.
  warnings.warn("DateTimeField %s received a naive datetime (%s)"

2022-06-11 06:42:01,674 - py.warnings - WARNING - /home/ebirdmax/Documents/Programmieren/researchbrowserproject-1/venv/lib/python3.10/site-packages/django/db/models/fields/__init__.py:1416: RuntimeWarning: DateTimeField Article.pub_date received a naive datetime (2022-06-09 10:30:00) while time zone support is active.
  warnings.warn("DateTimeField %s received a naive datetime (%s)"

2022-06-11 06:42:03,534 - py.warnings - WARNING - /home/ebirdmax/Documents/Programmieren/researchbrowserproject-1/venv/lib/python3.10/site-packages/django/db/models/fields/__init__.py:1416: RuntimeWarning: DateTimeField Article.pub_date received a naive datetime (2022-04-04 13:00:44) while time zone support is active.
  warnings.warn("DateTimeField %s received a naive datetime (%s)"

2022-06-11 06:42:34,883 - py.warnings - WARNING - /home/ebirdmax/Documents/Programmieren/researchbrowserproject-1/venv/lib/python3.10/site-packages/django/db/models/fields/__init__.py:1416: RuntimeWarning: DateTimeField Article.pub_date received a naive datetime (2022-02-01 17:00:42) while time zone support is active.
  warnings.warn("DateTimeField %s received a naive datetime (%s)"

2022-06-11 06:43:00,376 - celery.beat - INFO - Scheduler: Sending due task Twitter Scrapping (scrapper.tasks.scrape_twitter)
2022-06-11 06:43:00,379 - celery.worker.strategy - INFO - Task scrapper.tasks.scrape_twitter[7e82e7de-7b64-4936-83ee-2620e179e791] received
2022-06-11 06:43:01,346 - celery.app.trace - INFO - Task scrapper.tasks.scrape_twitter[7e82e7de-7b64-4936-83ee-2620e179e791] succeeded in 0.9659156380000695s: None
2022-06-11 06:43:02,355 - py.warnings - WARNING - /home/ebirdmax/Documents/Programmieren/researchbrowserproject-1/venv/lib/python3.10/site-packages/django/db/models/fields/__init__.py:1416: RuntimeWarning: DateTimeField Article.pub_date received a naive datetime (2022-06-03 18:04:32) while time zone support is active.
  warnings.warn("DateTimeField %s received a naive datetime (%s)"

2022-06-11 06:43:05,998 - py.warnings - WARNING - /home/ebirdmax/Documents/Programmieren/researchbrowserproject-1/venv/lib/python3.10/site-packages/django/db/models/fields/__init__.py:1416: RuntimeWarning: DateTimeField Article.pub_date received a naive datetime (2022-06-10 14:05:12) while time zone support is active.
  warnings.warn("DateTimeField %s received a naive datetime (%s)"

2022-06-11 06:43:06,031 - py.warnings - WARNING - /home/ebirdmax/Documents/Programmieren/researchbrowserproject-1/venv/lib/python3.10/site-packages/django/db/models/fields/__init__.py:1416: RuntimeWarning: DateTimeField Article.pub_date received a naive datetime (2022-06-10 14:00:20) while time zone support is active.
  warnings.warn("DateTimeField %s received a naive datetime (%s)"

2022-06-11 06:43:06,063 - py.warnings - WARNING - /home/ebirdmax/Documents/Programmieren/researchbrowserproject-1/venv/lib/python3.10/site-packages/django/db/models/fields/__init__.py:1416: RuntimeWarning: DateTimeField Article.pub_date received a naive datetime (2022-06-09 13:29:06) while time zone support is active.
  warnings.warn("DateTimeField %s received a naive datetime (%s)"

2022-06-11 06:43:36,570 - py.warnings - WARNING - /home/ebirdmax/Documents/Programmieren/researchbrowserproject-1/venv/lib/python3.10/site-packages/django/db/models/fields/__init__.py:1416: RuntimeWarning: DateTimeField Article.pub_date received a naive datetime (2022-06-09 14:00:56) while time zone support is active.
  warnings.warn("DateTimeField %s received a naive datetime (%s)"

2022-06-11 06:44:00,387 - celery.beat - INFO - Scheduler: Sending due task Twitter Scrapping (scrapper.tasks.scrape_twitter)
2022-06-11 06:44:00,390 - celery.worker.strategy - INFO - Task scrapper.tasks.scrape_twitter[7d61277d-dfb3-4a1e-b9aa-52a2af3deb06] received
2022-06-11 06:44:01,260 - celery.app.trace - INFO - Task scrapper.tasks.scrape_twitter[7d61277d-dfb3-4a1e-b9aa-52a2af3deb06] succeeded in 0.8691767570001048s: None
2022-06-11 06:44:02,417 - celery.app.trace - INFO - Task scrapper.tasks.scrape_seekingalpha[b4b00504-4482-465d-b823-f5608bdb8121] succeeded in 182.01577752100002s: None
2022-06-11 06:44:07,515 - py.warnings - WARNING - /home/ebirdmax/Documents/Programmieren/researchbrowserproject-1/venv/lib/python3.10/site-packages/django/db/models/fields/__init__.py:1416: RuntimeWarning: DateTimeField Article.pub_date received a naive datetime (2022-06-11 03:30:29) while time zone support is active.
  warnings.warn("DateTimeField %s received a naive datetime (%s)"

2022-06-11 06:44:07,521 - py.warnings - WARNING - /home/ebirdmax/Documents/Programmieren/researchbrowserproject-1/venv/lib/python3.10/site-packages/django/db/models/fields/__init__.py:1416: RuntimeWarning: DateTimeField Article.pub_date received a naive datetime (2022-06-10 10:54:17) while time zone support is active.
  warnings.warn("DateTimeField %s received a naive datetime (%s)"

2022-06-11 06:44:07,525 - py.warnings - WARNING - /home/ebirdmax/Documents/Programmieren/researchbrowserproject-1/venv/lib/python3.10/site-packages/django/db/models/fields/__init__.py:1416: RuntimeWarning: DateTimeField Article.pub_date received a naive datetime (2022-06-08 15:26:11) while time zone support is active.
  warnings.warn("DateTimeField %s received a naive datetime (%s)"

2022-06-11 06:44:38,501 - py.warnings - WARNING - /home/ebirdmax/Documents/Programmieren/researchbrowserproject-1/venv/lib/python3.10/site-packages/django/db/models/fields/__init__.py:1416: RuntimeWarning: DateTimeField Article.pub_date received a naive datetime (2022-03-12 18:02:20) while time zone support is active.
  warnings.warn("DateTimeField %s received a naive datetime (%s)"

2022-06-11 06:45:00,396 - celery.beat - INFO - Scheduler: Sending due task Twitter Scrapping (scrapper.tasks.scrape_twitter)
2022-06-11 06:45:00,399 - celery.worker.strategy - INFO - Task scrapper.tasks.scrape_twitter[741284cf-062c-4740-9230-3f61fd4b3439] received
2022-06-11 06:45:01,248 - celery.app.trace - INFO - Task scrapper.tasks.scrape_twitter[741284cf-062c-4740-9230-3f61fd4b3439] succeeded in 0.8481439780000528s: None
2022-06-11 06:45:09,329 - py.warnings - WARNING - /home/ebirdmax/Documents/Programmieren/researchbrowserproject-1/venv/lib/python3.10/site-packages/django/db/models/fields/__init__.py:1416: RuntimeWarning: DateTimeField Article.pub_date received a naive datetime (2022-05-10 16:54:42) while time zone support is active.
  warnings.warn("DateTimeField %s received a naive datetime (%s)"

2022-06-11 06:45:40,491 - py.warnings - WARNING - /home/ebirdmax/Documents/Programmieren/researchbrowserproject-1/venv/lib/python3.10/site-packages/django/db/models/fields/__init__.py:1416: RuntimeWarning: DateTimeField Article.pub_date received a naive datetime (2022-05-13 01:25:30) while time zone support is active.
  warnings.warn("DateTimeField %s received a naive datetime (%s)"

2022-06-11 06:46:00,408 - celery.beat - INFO - Scheduler: Sending due task Twitter Scrapping (scrapper.tasks.scrape_twitter)
2022-06-11 06:46:00,411 - celery.worker.strategy - INFO - Task scrapper.tasks.scrape_twitter[39798901-f893-48ed-852c-cd372ffaee1e] received
2022-06-11 06:46:01,287 - celery.app.trace - INFO - Task scrapper.tasks.scrape_twitter[39798901-f893-48ed-852c-cd372ffaee1e] succeeded in 0.8753554140000688s: None
2022-06-11 06:46:11,581 - py.warnings - WARNING - /home/ebirdmax/Documents/Programmieren/researchbrowserproject-1/venv/lib/python3.10/site-packages/django/db/models/fields/__init__.py:1416: RuntimeWarning: DateTimeField Article.pub_date received a naive datetime (2022-06-10 13:58:19) while time zone support is active.
  warnings.warn("DateTimeField %s received a naive datetime (%s)"

2022-06-11 06:46:11,593 - py.warnings - WARNING - /home/ebirdmax/Documents/Programmieren/researchbrowserproject-1/venv/lib/python3.10/site-packages/django/db/models/fields/__init__.py:1416: RuntimeWarning: DateTimeField Article.pub_date received a naive datetime (2022-06-03 20:27:04) while time zone support is active.
  warnings.warn("DateTimeField %s received a naive datetime (%s)"

2022-06-11 06:46:42,714 - py.warnings - WARNING - /home/ebirdmax/Documents/Programmieren/researchbrowserproject-1/venv/lib/python3.10/site-packages/django/db/models/fields/__init__.py:1416: RuntimeWarning: DateTimeField Article.pub_date received a naive datetime (2022-04-19 20:26:30) while time zone support is active.
  warnings.warn("DateTimeField %s received a naive datetime (%s)"

2022-06-11 06:47:00,418 - celery.beat - INFO - Scheduler: Sending due task Twitter Scrapping (scrapper.tasks.scrape_twitter)
2022-06-11 06:47:00,421 - celery.worker.strategy - INFO - Task scrapper.tasks.scrape_twitter[8de184d6-bf00-4f6c-9a93-dd60bc428714] received
2022-06-11 06:47:02,272 - celery.app.trace - INFO - Task scrapper.tasks.scrape_twitter[8de184d6-bf00-4f6c-9a93-dd60bc428714] succeeded in 1.8507762640001602s: None
2022-06-11 06:47:13,376 - py.warnings - WARNING - /home/ebirdmax/Documents/Programmieren/researchbrowserproject-1/venv/lib/python3.10/site-packages/django/db/models/fields/__init__.py:1416: RuntimeWarning: DateTimeField Article.pub_date received a naive datetime (2022-05-25 16:05:37) while time zone support is active.
  warnings.warn("DateTimeField %s received a naive datetime (%s)"

2022-06-11 06:47:44,431 - py.warnings - WARNING - /home/ebirdmax/Documents/Programmieren/researchbrowserproject-1/venv/lib/python3.10/site-packages/django/db/models/fields/__init__.py:1416: RuntimeWarning: DateTimeField Article.pub_date received a naive datetime (2022-05-23 03:30:41) while time zone support is active.
  warnings.warn("DateTimeField %s received a naive datetime (%s)"

2022-06-11 06:48:00,420 - celery.beat - INFO - Scheduler: Sending due task Twitter Scrapping (scrapper.tasks.scrape_twitter)
2022-06-11 06:48:00,422 - celery.worker.strategy - INFO - Task scrapper.tasks.scrape_twitter[f93595c2-feaa-4644-b604-a1c3102b6963] received
2022-06-11 06:48:01,266 - celery.app.trace - INFO - Task scrapper.tasks.scrape_twitter[f93595c2-feaa-4644-b604-a1c3102b6963] succeeded in 0.8429395220000515s: None
2022-06-11 06:48:14,979 - py.warnings - WARNING - /home/ebirdmax/Documents/Programmieren/researchbrowserproject-1/venv/lib/python3.10/site-packages/django/db/models/fields/__init__.py:1416: RuntimeWarning: DateTimeField Article.pub_date received a naive datetime (2020-01-10 04:55:33) while time zone support is active.
  warnings.warn("DateTimeField %s received a naive datetime (%s)"

2022-06-11 06:48:46,284 - py.warnings - WARNING - /home/ebirdmax/Documents/Programmieren/researchbrowserproject-1/venv/lib/python3.10/site-packages/django/db/models/fields/__init__.py:1416: RuntimeWarning: DateTimeField Article.pub_date received a naive datetime (2022-06-04 00:28:50) while time zone support is active.
  warnings.warn("DateTimeField %s received a naive datetime (%s)"

2022-06-11 06:49:00,430 - celery.beat - INFO - Scheduler: Sending due task Twitter Scrapping (scrapper.tasks.scrape_twitter)
2022-06-11 06:49:00,432 - celery.worker.strategy - INFO - Task scrapper.tasks.scrape_twitter[435a391e-250b-444a-9d51-9c3b7e10e21a] received
2022-06-11 06:49:01,346 - celery.app.trace - INFO - Task scrapper.tasks.scrape_twitter[435a391e-250b-444a-9d51-9c3b7e10e21a] succeeded in 0.9129278479999812s: None
2022-06-11 06:49:17,290 - py.warnings - WARNING - /home/ebirdmax/Documents/Programmieren/researchbrowserproject-1/venv/lib/python3.10/site-packages/django/db/models/fields/__init__.py:1416: RuntimeWarning: DateTimeField Article.pub_date received a naive datetime (2022-06-10 13:00:55) while time zone support is active.
  warnings.warn("DateTimeField %s received a naive datetime (%s)"

2022-06-11 06:49:17,318 - py.warnings - WARNING - /home/ebirdmax/Documents/Programmieren/researchbrowserproject-1/venv/lib/python3.10/site-packages/django/db/models/fields/__init__.py:1416: RuntimeWarning: DateTimeField Article.pub_date received a naive datetime (2022-06-03 13:01:01) while time zone support is active.
  warnings.warn("DateTimeField %s received a naive datetime (%s)"

2022-06-11 06:49:48,499 - py.warnings - WARNING - /home/ebirdmax/Documents/Programmieren/researchbrowserproject-1/venv/lib/python3.10/site-packages/django/db/models/fields/__init__.py:1416: RuntimeWarning: DateTimeField Article.pub_date received a naive datetime (2022-06-02 10:51:35) while time zone support is active.
  warnings.warn("DateTimeField %s received a naive datetime (%s)"

2022-06-11 06:50:00,441 - celery.beat - INFO - Scheduler: Sending due task Twitter Scrapping (scrapper.tasks.scrape_twitter)
2022-06-11 06:50:00,443 - celery.worker.strategy - INFO - Task scrapper.tasks.scrape_twitter[f6af0a19-3ade-4572-afbc-b2863bfdc7fe] received
2022-06-11 06:50:01,473 - celery.app.trace - INFO - Task scrapper.tasks.scrape_twitter[f6af0a19-3ade-4572-afbc-b2863bfdc7fe] succeeded in 1.0288158749999639s: None
2022-06-11 06:50:19,951 - py.warnings - WARNING - /home/ebirdmax/Documents/Programmieren/researchbrowserproject-1/venv/lib/python3.10/site-packages/django/db/models/fields/__init__.py:1416: RuntimeWarning: DateTimeField Article.pub_date received a naive datetime (2022-01-14 15:23:09) while time zone support is active.
  warnings.warn("DateTimeField %s received a naive datetime (%s)"

2022-06-11 06:50:50,994 - py.warnings - WARNING - /home/ebirdmax/Documents/Programmieren/researchbrowserproject-1/venv/lib/python3.10/site-packages/django/db/models/fields/__init__.py:1416: RuntimeWarning: DateTimeField Article.pub_date received a naive datetime (2022-06-05 13:00:21) while time zone support is active.
  warnings.warn("DateTimeField %s received a naive datetime (%s)"

2022-06-11 06:51:00,449 - celery.beat - INFO - Scheduler: Sending due task Twitter Scrapping (scrapper.tasks.scrape_twitter)
2022-06-11 06:51:00,452 - celery.worker.strategy - INFO - Task scrapper.tasks.scrape_twitter[ed5c5e63-8503-4aae-9c35-137aa6b1137d] received
2022-06-11 06:51:01,331 - celery.app.trace - INFO - Task scrapper.tasks.scrape_twitter[ed5c5e63-8503-4aae-9c35-137aa6b1137d] succeeded in 0.8773464369996873s: None
2022-06-11 06:51:21,992 - py.warnings - WARNING - /home/ebirdmax/Documents/Programmieren/researchbrowserproject-1/venv/lib/python3.10/site-packages/django/db/models/fields/__init__.py:1416: RuntimeWarning: DateTimeField Article.pub_date received a naive datetime (2022-06-10 17:45:16) while time zone support is active.
  warnings.warn("DateTimeField %s received a naive datetime (%s)"

2022-06-11 06:51:21,999 - py.warnings - WARNING - /home/ebirdmax/Documents/Programmieren/researchbrowserproject-1/venv/lib/python3.10/site-packages/django/db/models/fields/__init__.py:1416: RuntimeWarning: DateTimeField Article.pub_date received a naive datetime (2022-06-09 14:30:21) while time zone support is active.
  warnings.warn("DateTimeField %s received a naive datetime (%s)"

2022-06-11 06:51:53,069 - py.warnings - WARNING - /home/ebirdmax/Documents/Programmieren/researchbrowserproject-1/venv/lib/python3.10/site-packages/django/db/models/fields/__init__.py:1416: RuntimeWarning: DateTimeField Article.pub_date received a naive datetime (2022-02-28 17:20:03) while time zone support is active.
  warnings.warn("DateTimeField %s received a naive datetime (%s)"

2022-06-11 06:52:00,458 - celery.beat - INFO - Scheduler: Sending due task Twitter Scrapping (scrapper.tasks.scrape_twitter)
2022-06-11 06:52:00,460 - celery.worker.strategy - INFO - Task scrapper.tasks.scrape_twitter[14b5af83-9577-4091-ad15-6e3ff824cb4c] received
2022-06-11 06:52:01,579 - celery.app.trace - INFO - Task scrapper.tasks.scrape_twitter[14b5af83-9577-4091-ad15-6e3ff824cb4c] succeeded in 1.118635076999908s: None
2022-06-11 06:52:24,745 - py.warnings - WARNING - /home/ebirdmax/Documents/Programmieren/researchbrowserproject-1/venv/lib/python3.10/site-packages/django/db/models/fields/__init__.py:1416: RuntimeWarning: DateTimeField Article.pub_date received a naive datetime (2022-05-31 12:57:15) while time zone support is active.
  warnings.warn("DateTimeField %s received a naive datetime (%s)"

2022-06-11 06:52:55,994 - py.warnings - WARNING - /home/ebirdmax/Documents/Programmieren/researchbrowserproject-1/venv/lib/python3.10/site-packages/django/db/models/fields/__init__.py:1416: RuntimeWarning: DateTimeField Article.pub_date received a naive datetime (2022-02-01 19:54:35) while time zone support is active.
  warnings.warn("DateTimeField %s received a naive datetime (%s)"

2022-06-11 06:53:00,470 - celery.beat - INFO - Scheduler: Sending due task Twitter Scrapping (scrapper.tasks.scrape_twitter)
2022-06-11 06:53:00,473 - celery.worker.strategy - INFO - Task scrapper.tasks.scrape_twitter[7530aae6-d855-46c2-a3b4-505c475bbb74] received
2022-06-11 06:53:27,296 - py.warnings - WARNING - /home/ebirdmax/Documents/Programmieren/researchbrowserproject-1/venv/lib/python3.10/site-packages/django/db/models/fields/__init__.py:1416: RuntimeWarning: DateTimeField Article.pub_date received a naive datetime (2022-06-07 14:06:00) while time zone support is active.
  warnings.warn("DateTimeField %s received a naive datetime (%s)"

2022-06-11 06:53:28,117 - celery.app.trace - INFO - Task scrapper.tasks.scrape_twitter[7530aae6-d855-46c2-a3b4-505c475bbb74] succeeded in 27.642988581999816s: None
2022-06-11 06:53:58,236 - py.warnings - WARNING - /home/ebirdmax/Documents/Programmieren/researchbrowserproject-1/venv/lib/python3.10/site-packages/django/db/models/fields/__init__.py:1416: RuntimeWarning: DateTimeField Article.pub_date received a naive datetime (2022-06-09 17:00:26) while time zone support is active.
  warnings.warn("DateTimeField %s received a naive datetime (%s)"

2022-06-11 06:54:00,482 - celery.beat - INFO - Scheduler: Sending due task Twitter Scrapping (scrapper.tasks.scrape_twitter)
2022-06-11 06:54:00,484 - celery.worker.strategy - INFO - Task scrapper.tasks.scrape_twitter[2e892308-4c64-40c2-ab8e-be584f5bc261] received
2022-06-11 06:54:01,895 - celery.app.trace - INFO - Task scrapper.tasks.scrape_twitter[2e892308-4c64-40c2-ab8e-be584f5bc261] succeeded in 1.4091427920002388s: None
2022-06-11 06:54:29,324 - py.warnings - WARNING - /home/ebirdmax/Documents/Programmieren/researchbrowserproject-1/venv/lib/python3.10/site-packages/django/db/models/fields/__init__.py:1416: RuntimeWarning: DateTimeField Article.pub_date received a naive datetime (2022-06-10 17:30:01) while time zone support is active.
  warnings.warn("DateTimeField %s received a naive datetime (%s)"

2022-06-11 06:54:29,334 - py.warnings - WARNING - /home/ebirdmax/Documents/Programmieren/researchbrowserproject-1/venv/lib/python3.10/site-packages/django/db/models/fields/__init__.py:1416: RuntimeWarning: DateTimeField Article.pub_date received a naive datetime (2022-06-06 12:02:48) while time zone support is active.
  warnings.warn("DateTimeField %s received a naive datetime (%s)"

2022-06-11 06:55:00,264 - py.warnings - WARNING - /home/ebirdmax/Documents/Programmieren/researchbrowserproject-1/venv/lib/python3.10/site-packages/django/db/models/fields/__init__.py:1416: RuntimeWarning: DateTimeField Article.pub_date received a naive datetime (2022-06-10 02:22:11) while time zone support is active.
  warnings.warn("DateTimeField %s received a naive datetime (%s)"

2022-06-11 06:55:00,284 - py.warnings - WARNING - /home/ebirdmax/Documents/Programmieren/researchbrowserproject-1/venv/lib/python3.10/site-packages/django/db/models/fields/__init__.py:1416: RuntimeWarning: DateTimeField Article.pub_date received a naive datetime (2022-06-08 07:38:26) while time zone support is active.
  warnings.warn("DateTimeField %s received a naive datetime (%s)"

2022-06-11 06:55:00,489 - celery.beat - INFO - Scheduler: Sending due task Twitter Scrapping (scrapper.tasks.scrape_twitter)
2022-06-11 06:55:00,492 - celery.worker.strategy - INFO - Task scrapper.tasks.scrape_twitter[36866d1b-d24b-4831-b56f-78c94d226ef7] received
2022-06-11 06:55:01,898 - celery.app.trace - INFO - Task scrapper.tasks.scrape_twitter[36866d1b-d24b-4831-b56f-78c94d226ef7] succeeded in 1.4049736000001758s: None
2022-06-11 06:55:30,482 - py.warnings - WARNING - /home/ebirdmax/Documents/Programmieren/researchbrowserproject-1/venv/lib/python3.10/site-packages/django/db/models/fields/__init__.py:1416: RuntimeWarning: DateTimeField Article.pub_date received a naive datetime (2022-06-09 09:36:04) while time zone support is active.
  warnings.warn("DateTimeField %s received a naive datetime (%s)"

2022-06-11 06:56:00,417 - celery.beat - INFO - Scheduler: Sending due task Spotify Scraping (scrapper.tasks.scrape_spotify)
2022-06-11 06:56:00,420 - celery.worker.strategy - INFO - Task scrapper.tasks.scrape_spotify[62b67028-1e70-4884-b88b-f4063be8197d] received
2022-06-11 06:56:00,432 - celery.beat - INFO - Scheduler: Sending due task YouTube Scraping (scrapper.tasks.scrape_youtube)
2022-06-11 06:56:00,433 - celery.worker.strategy - INFO - Task scrapper.tasks.scrape_youtube[826adfca-ab16-418a-9e84-d46694d1cc70] received
2022-06-11 06:56:00,491 - celery.beat - INFO - Scheduler: Sending due task Twitter Scrapping (scrapper.tasks.scrape_twitter)
2022-06-11 06:56:00,493 - celery.worker.strategy - INFO - Task scrapper.tasks.scrape_twitter[ba7f6925-f011-4036-bd90-f1eab4335893] received
2022-06-11 06:56:00,514 - celery.app.trace - INFO - Task scrapper.tasks.scrape_substack[212410f3-71d1-4a8c-b807-d2a35eafa8e0] succeeded in 900.1235678169999s: None
2022-06-11 06:56:02,363 - celery.app.trace - INFO - Task scrapper.tasks.scrape_twitter[ba7f6925-f011-4036-bd90-f1eab4335893] succeeded in 1.8695231649999187s: None
2022-06-11 06:56:03,498 - celery.app.trace - INFO - Task scrapper.tasks.scrape_youtube[826adfca-ab16-418a-9e84-d46694d1cc70] succeeded in 3.0633613850000074s: None
2022-06-11 06:56:05,071 - celery.app.trace - INFO - Task scrapper.tasks.scrape_spotify[62b67028-1e70-4884-b88b-f4063be8197d] succeeded in 4.649519263000002s: None
2022-06-11 06:57:00,503 - celery.beat - INFO - Scheduler: Sending due task Twitter Scrapping (scrapper.tasks.scrape_twitter)
2022-06-11 06:57:00,506 - celery.worker.strategy - INFO - Task scrapper.tasks.scrape_twitter[5c9084d4-dbce-4241-8609-97ca058e0960] received
2022-06-11 06:57:01,471 - celery.app.trace - INFO - Task scrapper.tasks.scrape_twitter[5c9084d4-dbce-4241-8609-97ca058e0960] succeeded in 0.9644702519999555s: None
2022-06-11 06:58:00,516 - celery.beat - INFO - Scheduler: Sending due task Twitter Scrapping (scrapper.tasks.scrape_twitter)
2022-06-11 06:58:00,518 - celery.worker.strategy - INFO - Task scrapper.tasks.scrape_twitter[3bd3e9cf-6b06-4747-b206-95989e7cd6af] received
2022-06-11 06:58:01,424 - celery.app.trace - INFO - Task scrapper.tasks.scrape_twitter[3bd3e9cf-6b06-4747-b206-95989e7cd6af] succeeded in 0.9057603439996456s: None
2022-06-11 06:59:00,527 - celery.beat - INFO - Scheduler: Sending due task Twitter Scrapping (scrapper.tasks.scrape_twitter)
2022-06-11 06:59:00,529 - celery.worker.strategy - INFO - Task scrapper.tasks.scrape_twitter[57516388-fd57-4296-b314-ae4a31fb387a] received
2022-06-11 06:59:01,604 - celery.app.trace - INFO - Task scrapper.tasks.scrape_twitter[57516388-fd57-4296-b314-ae4a31fb387a] succeeded in 1.0738286490000064s: None
2022-06-11 07:00:00,537 - celery.beat - INFO - Scheduler: Sending due task Twitter Scrapping (scrapper.tasks.scrape_twitter)
2022-06-11 07:00:00,540 - celery.worker.strategy - INFO - Task scrapper.tasks.scrape_twitter[3c28e9bc-cc64-4f12-8315-fe1a127258eb] received
2022-06-11 07:00:01,424 - celery.app.trace - INFO - Task scrapper.tasks.scrape_twitter[3c28e9bc-cc64-4f12-8315-fe1a127258eb] succeeded in 0.8828362019999076s: None
2022-06-11 07:01:00,549 - celery.beat - INFO - Scheduler: Sending due task Twitter Scrapping (scrapper.tasks.scrape_twitter)
2022-06-11 07:01:00,552 - celery.worker.strategy - INFO - Task scrapper.tasks.scrape_twitter[f9729e2e-5160-45ce-acd0-ab1f56a0d31b] received
2022-06-11 07:01:02,073 - celery.app.trace - INFO - Task scrapper.tasks.scrape_twitter[f9729e2e-5160-45ce-acd0-ab1f56a0d31b] succeeded in 1.5195755569998255s: None
2022-06-11 07:02:00,560 - celery.beat - INFO - Scheduler: Sending due task Twitter Scrapping (scrapper.tasks.scrape_twitter)
2022-06-11 07:02:00,562 - celery.worker.strategy - INFO - Task scrapper.tasks.scrape_twitter[c7f79761-c102-437f-b0bd-6e58dbc7b6f9] received
2022-06-11 07:02:01,605 - celery.app.trace - INFO - Task scrapper.tasks.scrape_twitter[c7f79761-c102-437f-b0bd-6e58dbc7b6f9] succeeded in 1.0418221439999797s: None
2022-06-11 07:03:00,572 - celery.beat - INFO - Scheduler: Sending due task Twitter Scrapping (scrapper.tasks.scrape_twitter)
2022-06-11 07:03:00,574 - celery.worker.strategy - INFO - Task scrapper.tasks.scrape_twitter[99266a4e-a975-46d6-ab96-eb1231bd8923] received
2022-06-11 07:03:01,605 - celery.app.trace - INFO - Task scrapper.tasks.scrape_twitter[99266a4e-a975-46d6-ab96-eb1231bd8923] succeeded in 1.0300491630000579s: None
2022-06-11 07:04:00,583 - celery.beat - INFO - Scheduler: Sending due task Twitter Scrapping (scrapper.tasks.scrape_twitter)
2022-06-11 07:04:00,585 - celery.worker.strategy - INFO - Task scrapper.tasks.scrape_twitter[046c9cec-e0b7-4fb6-aae5-b028c9af77e0] received
2022-06-11 07:04:02,087 - celery.app.trace - INFO - Task scrapper.tasks.scrape_twitter[046c9cec-e0b7-4fb6-aae5-b028c9af77e0] succeeded in 1.5018436880000081s: None
2022-06-11 07:05:00,586 - celery.beat - INFO - Scheduler: Sending due task Twitter Scrapping (scrapper.tasks.scrape_twitter)
2022-06-11 07:05:00,587 - celery.worker.strategy - INFO - Task scrapper.tasks.scrape_twitter[62cd77f5-8bfb-4301-a0b5-b428974cd849] received
2022-06-11 07:05:01,636 - celery.app.trace - INFO - Task scrapper.tasks.scrape_twitter[62cd77f5-8bfb-4301-a0b5-b428974cd849] succeeded in 1.048534016999838s: None
2022-06-11 07:06:00,598 - celery.beat - INFO - Scheduler: Sending due task Twitter Scrapping (scrapper.tasks.scrape_twitter)
2022-06-11 07:06:00,600 - celery.worker.strategy - INFO - Task scrapper.tasks.scrape_twitter[c61e34bf-59a7-49b5-9ed6-ac8e848d9b1b] received
2022-06-11 07:06:00,981 - celery.app.trace - INFO - Task scrapper.tasks.scrape_twitter[c61e34bf-59a7-49b5-9ed6-ac8e848d9b1b] succeeded in 0.3797683389998383s: None
2022-06-11 07:07:00,610 - celery.beat - INFO - Scheduler: Sending due task Twitter Scrapping (scrapper.tasks.scrape_twitter)
2022-06-11 07:07:00,613 - celery.worker.strategy - INFO - Task scrapper.tasks.scrape_twitter[4516ccf3-03f5-4b1e-97f4-78111068498b] received
2022-06-11 07:07:00,967 - celery.app.trace - INFO - Task scrapper.tasks.scrape_twitter[4516ccf3-03f5-4b1e-97f4-78111068498b] succeeded in 0.3533388470000318s: None
2022-06-11 07:08:00,617 - celery.beat - INFO - Scheduler: Sending due task Twitter Scrapping (scrapper.tasks.scrape_twitter)
2022-06-11 07:08:00,620 - celery.worker.strategy - INFO - Task scrapper.tasks.scrape_twitter[566b5da1-3611-426f-b085-dd5e7e2d25a8] received
2022-06-11 07:08:01,089 - celery.app.trace - INFO - Task scrapper.tasks.scrape_twitter[566b5da1-3611-426f-b085-dd5e7e2d25a8] succeeded in 0.46863505900000746s: None
2022-06-11 07:09:00,628 - celery.beat - INFO - Scheduler: Sending due task Twitter Scrapping (scrapper.tasks.scrape_twitter)
2022-06-11 07:09:00,631 - celery.worker.strategy - INFO - Task scrapper.tasks.scrape_twitter[1e1b7670-0a02-418b-8215-b9749e80e013] received
2022-06-11 07:09:01,005 - celery.app.trace - INFO - Task scrapper.tasks.scrape_twitter[1e1b7670-0a02-418b-8215-b9749e80e013] succeeded in 0.3727474899997105s: None
2022-06-11 07:10:00,639 - celery.beat - INFO - Scheduler: Sending due task Twitter Scrapping (scrapper.tasks.scrape_twitter)
2022-06-11 07:10:00,642 - celery.worker.strategy - INFO - Task scrapper.tasks.scrape_twitter[3cbd898d-419c-4f0d-b5ec-c5288d9f857b] received
2022-06-11 07:10:01,030 - celery.app.trace - INFO - Task scrapper.tasks.scrape_twitter[3cbd898d-419c-4f0d-b5ec-c5288d9f857b] succeeded in 0.3867727950000699s: None
2022-06-11 07:11:00,430 - celery.beat - INFO - Scheduler: Sending due task Spotify Scraping (scrapper.tasks.scrape_spotify)
2022-06-11 07:11:00,432 - celery.worker.strategy - INFO - Task scrapper.tasks.scrape_spotify[4d01474e-188d-47c2-9190-d53987105c02] received
2022-06-11 07:11:00,448 - celery.beat - INFO - Scheduler: Sending due task YouTube Scraping (scrapper.tasks.scrape_youtube)
2022-06-11 07:11:00,452 - celery.worker.strategy - INFO - Task scrapper.tasks.scrape_youtube[95bfe365-32e9-4807-aa16-042b08aef24b] received
2022-06-11 07:11:00,641 - celery.beat - INFO - Scheduler: Sending due task Twitter Scrapping (scrapper.tasks.scrape_twitter)
2022-06-11 07:11:00,644 - celery.worker.strategy - INFO - Task scrapper.tasks.scrape_twitter[fa462ba4-402b-475c-8c3e-0825b644dc86] received
2022-06-11 07:11:01,583 - celery.app.trace - INFO - Task scrapper.tasks.scrape_twitter[fa462ba4-402b-475c-8c3e-0825b644dc86] succeeded in 0.9380444769999485s: None
2022-06-11 07:11:03,860 - celery.app.trace - INFO - Task scrapper.tasks.scrape_youtube[95bfe365-32e9-4807-aa16-042b08aef24b] succeeded in 3.407419036999727s: None
2022-06-11 07:11:05,232 - celery.app.trace - INFO - Task scrapper.tasks.scrape_spotify[4d01474e-188d-47c2-9190-d53987105c02] succeeded in 4.798959994000143s: None
2022-06-11 07:12:00,652 - celery.beat - INFO - Scheduler: Sending due task Twitter Scrapping (scrapper.tasks.scrape_twitter)
2022-06-11 07:12:00,655 - celery.worker.strategy - INFO - Task scrapper.tasks.scrape_twitter[3a5414a8-8e3e-4474-a788-8cefcf36a502] received
2022-06-11 07:12:01,147 - celery.app.trace - INFO - Task scrapper.tasks.scrape_twitter[3a5414a8-8e3e-4474-a788-8cefcf36a502] succeeded in 0.49093182399974467s: None
2022-06-11 07:13:00,661 - celery.beat - INFO - Scheduler: Sending due task Twitter Scrapping (scrapper.tasks.scrape_twitter)
2022-06-11 07:13:00,663 - celery.worker.strategy - INFO - Task scrapper.tasks.scrape_twitter[996b80ff-dfc3-4167-90f0-4d7c611404f7] received
2022-06-11 07:13:00,939 - celery.app.trace - INFO - Task scrapper.tasks.scrape_twitter[996b80ff-dfc3-4167-90f0-4d7c611404f7] succeeded in 0.2758154880002621s: None
2022-06-11 07:14:00,670 - celery.beat - INFO - Scheduler: Sending due task Twitter Scrapping (scrapper.tasks.scrape_twitter)
2022-06-11 07:14:00,672 - celery.worker.strategy - INFO - Task scrapper.tasks.scrape_twitter[11739902-178e-4708-94b2-0f8d6a4a671f] received
2022-06-11 07:14:01,029 - celery.app.trace - INFO - Task scrapper.tasks.scrape_twitter[11739902-178e-4708-94b2-0f8d6a4a671f] succeeded in 0.35621692799986704s: None
2022-06-11 07:15:00,682 - celery.beat - INFO - Scheduler: Sending due task Twitter Scrapping (scrapper.tasks.scrape_twitter)
2022-06-11 07:15:00,686 - celery.worker.strategy - INFO - Task scrapper.tasks.scrape_twitter[e896af11-a926-4a20-9c4b-500cef9d08e9] received
2022-06-11 07:15:01,041 - celery.app.trace - INFO - Task scrapper.tasks.scrape_twitter[e896af11-a926-4a20-9c4b-500cef9d08e9] succeeded in 0.3531736949998958s: None
2022-06-11 07:16:00,693 - celery.beat - INFO - Scheduler: Sending due task Twitter Scrapping (scrapper.tasks.scrape_twitter)
2022-06-11 07:16:00,695 - celery.worker.strategy - INFO - Task scrapper.tasks.scrape_twitter[f89ad33b-3a73-49d9-83fa-9aa8e8adf8ec] received
2022-06-11 07:16:01,047 - celery.app.trace - INFO - Task scrapper.tasks.scrape_twitter[f89ad33b-3a73-49d9-83fa-9aa8e8adf8ec] succeeded in 0.3511411619997489s: None
2022-06-11 07:17:00,701 - celery.beat - INFO - Scheduler: Sending due task Twitter Scrapping (scrapper.tasks.scrape_twitter)
2022-06-11 07:17:00,704 - celery.worker.strategy - INFO - Task scrapper.tasks.scrape_twitter[dc066f22-9283-450c-9835-b826a682c12e] received
2022-06-11 07:17:01,064 - celery.app.trace - INFO - Task scrapper.tasks.scrape_twitter[dc066f22-9283-450c-9835-b826a682c12e] succeeded in 0.3595361029997548s: None
2022-06-11 07:18:00,713 - celery.beat - INFO - Scheduler: Sending due task Twitter Scrapping (scrapper.tasks.scrape_twitter)
2022-06-11 07:18:00,716 - celery.worker.strategy - INFO - Task scrapper.tasks.scrape_twitter[45cd8fe7-bedb-4147-8936-a6d606d03a08] received
2022-06-11 07:18:01,106 - celery.app.trace - INFO - Task scrapper.tasks.scrape_twitter[45cd8fe7-bedb-4147-8936-a6d606d03a08] succeeded in 0.38921107200030747s: None
2022-06-11 07:19:00,726 - celery.beat - INFO - Scheduler: Sending due task Twitter Scrapping (scrapper.tasks.scrape_twitter)
2022-06-11 07:19:00,730 - celery.worker.strategy - INFO - Task scrapper.tasks.scrape_twitter[b57d9170-f648-4424-9f33-b3c52dc0aff7] received
2022-06-11 07:19:01,186 - celery.app.trace - INFO - Task scrapper.tasks.scrape_twitter[b57d9170-f648-4424-9f33-b3c52dc0aff7] succeeded in 0.45483756499970696s: None
2022-06-11 07:20:00,738 - celery.beat - INFO - Scheduler: Sending due task Twitter Scrapping (scrapper.tasks.scrape_twitter)
2022-06-11 07:20:00,741 - celery.worker.strategy - INFO - Task scrapper.tasks.scrape_twitter[a15cf969-0884-4949-880b-874efb4b35a2] received
2022-06-11 07:20:01,181 - celery.app.trace - INFO - Task scrapper.tasks.scrape_twitter[a15cf969-0884-4949-880b-874efb4b35a2] succeeded in 0.4391237469999396s: None
2022-06-11 07:21:00,747 - celery.beat - INFO - Scheduler: Sending due task Twitter Scrapping (scrapper.tasks.scrape_twitter)
2022-06-11 07:21:00,750 - celery.worker.strategy - INFO - Task scrapper.tasks.scrape_twitter[2960e157-16a1-4063-9671-7dfe542ac839] received
2022-06-11 07:21:01,082 - celery.app.trace - INFO - Task scrapper.tasks.scrape_twitter[2960e157-16a1-4063-9671-7dfe542ac839] succeeded in 0.33157786799984024s: None
2022-06-11 07:22:00,757 - celery.beat - INFO - Scheduler: Sending due task Twitter Scrapping (scrapper.tasks.scrape_twitter)
2022-06-11 07:22:00,760 - celery.worker.strategy - INFO - Task scrapper.tasks.scrape_twitter[593f7fe9-8151-49b2-8297-ed8d818c3007] received
2022-06-11 07:22:01,090 - celery.app.trace - INFO - Task scrapper.tasks.scrape_twitter[593f7fe9-8151-49b2-8297-ed8d818c3007] succeeded in 0.3294880829998874s: None
2022-06-11 07:23:00,765 - celery.beat - INFO - Scheduler: Sending due task Twitter Scrapping (scrapper.tasks.scrape_twitter)
2022-06-11 07:23:00,767 - celery.worker.strategy - INFO - Task scrapper.tasks.scrape_twitter[6da0ac79-f4cc-4d43-baa3-441f2a43929c] received
2022-06-11 07:23:01,106 - celery.app.trace - INFO - Task scrapper.tasks.scrape_twitter[6da0ac79-f4cc-4d43-baa3-441f2a43929c] succeeded in 0.3376160860007076s: None
2022-06-11 07:24:00,773 - celery.beat - INFO - Scheduler: Sending due task Twitter Scrapping (scrapper.tasks.scrape_twitter)
2022-06-11 07:24:00,778 - celery.worker.strategy - INFO - Task scrapper.tasks.scrape_twitter[70613d11-5ae4-4df5-b7aa-f14bfd5718e8] received
2022-06-11 07:24:02,140 - celery.app.trace - INFO - Task scrapper.tasks.scrape_twitter[70613d11-5ae4-4df5-b7aa-f14bfd5718e8] succeeded in 1.3613677640005335s: None
2022-06-11 07:25:00,785 - celery.beat - INFO - Scheduler: Sending due task Twitter Scrapping (scrapper.tasks.scrape_twitter)
2022-06-11 07:25:00,788 - celery.worker.strategy - INFO - Task scrapper.tasks.scrape_twitter[9ff5583f-3905-46d3-81f8-9b683b4c0bed] received
2022-06-11 07:25:01,222 - celery.app.trace - INFO - Task scrapper.tasks.scrape_twitter[9ff5583f-3905-46d3-81f8-9b683b4c0bed] succeeded in 0.4330980430004274s: None
2022-06-11 07:26:00,441 - celery.beat - INFO - Scheduler: Sending due task Spotify Scraping (scrapper.tasks.scrape_spotify)
2022-06-11 07:26:00,445 - celery.worker.strategy - INFO - Task scrapper.tasks.scrape_spotify[81b7444f-de64-4b81-98fb-42d6c7339d92] received
2022-06-11 07:26:00,459 - celery.beat - INFO - Scheduler: Sending due task YouTube Scraping (scrapper.tasks.scrape_youtube)
2022-06-11 07:26:00,461 - celery.worker.strategy - INFO - Task scrapper.tasks.scrape_youtube[fd7dc5b1-b642-4605-b939-de13fd2508ab] received
2022-06-11 07:26:00,792 - celery.beat - INFO - Scheduler: Sending due task Twitter Scrapping (scrapper.tasks.scrape_twitter)
2022-06-11 07:26:00,793 - celery.worker.strategy - INFO - Task scrapper.tasks.scrape_twitter[71e12cf9-2ed3-488f-80f6-509774b14937] received
2022-06-11 07:26:01,632 - celery.app.trace - INFO - Task scrapper.tasks.scrape_twitter[71e12cf9-2ed3-488f-80f6-509774b14937] succeeded in 0.8379310529999202s: None
2022-06-11 07:26:03,955 - celery.app.trace - INFO - Task scrapper.tasks.scrape_youtube[fd7dc5b1-b642-4605-b939-de13fd2508ab] succeeded in 3.493110952999814s: None
2022-06-11 07:26:05,003 - celery.app.trace - INFO - Task scrapper.tasks.scrape_spotify[81b7444f-de64-4b81-98fb-42d6c7339d92] succeeded in 4.556886482999289s: None
2022-06-11 07:27:00,803 - celery.beat - INFO - Scheduler: Sending due task Twitter Scrapping (scrapper.tasks.scrape_twitter)
2022-06-11 07:27:00,805 - celery.worker.strategy - INFO - Task scrapper.tasks.scrape_twitter[2485c393-2239-4f89-b4a3-a3430f6043a5] received
2022-06-11 07:27:01,245 - celery.app.trace - INFO - Task scrapper.tasks.scrape_twitter[2485c393-2239-4f89-b4a3-a3430f6043a5] succeeded in 0.43852954799967847s: None
2022-06-11 07:28:00,814 - celery.beat - INFO - Scheduler: Sending due task Twitter Scrapping (scrapper.tasks.scrape_twitter)
2022-06-11 07:28:00,816 - celery.worker.strategy - INFO - Task scrapper.tasks.scrape_twitter[91d6a07c-dbfe-4aab-ab58-3cf647e36d80] received
2022-06-11 07:28:01,252 - celery.app.trace - INFO - Task scrapper.tasks.scrape_twitter[91d6a07c-dbfe-4aab-ab58-3cf647e36d80] succeeded in 0.4347372489992267s: None
2022-06-11 07:29:00,826 - celery.beat - INFO - Scheduler: Sending due task Twitter Scrapping (scrapper.tasks.scrape_twitter)
2022-06-11 07:29:00,828 - celery.worker.strategy - INFO - Task scrapper.tasks.scrape_twitter[abddee03-9037-4c3b-b1a4-a3db2fac7f92] received
2022-06-11 07:29:01,257 - celery.app.trace - INFO - Task scrapper.tasks.scrape_twitter[abddee03-9037-4c3b-b1a4-a3db2fac7f92] succeeded in 0.4276068770004713s: None
2022-06-11 07:30:00,837 - celery.beat - INFO - Scheduler: Sending due task Twitter Scrapping (scrapper.tasks.scrape_twitter)
2022-06-11 07:30:00,840 - celery.worker.strategy - INFO - Task scrapper.tasks.scrape_twitter[1f8ba56b-429d-4bf7-8321-dff142156214] received
2022-06-11 07:30:01,157 - celery.app.trace - INFO - Task scrapper.tasks.scrape_twitter[1f8ba56b-429d-4bf7-8321-dff142156214] succeeded in 0.31646094799998536s: None
2022-06-11 07:31:00,849 - celery.beat - INFO - Scheduler: Sending due task Twitter Scrapping (scrapper.tasks.scrape_twitter)
2022-06-11 07:31:00,852 - celery.worker.strategy - INFO - Task scrapper.tasks.scrape_twitter[badb2aa3-06cb-4144-a246-4c9a9036c390] received
2022-06-11 07:31:01,301 - celery.app.trace - INFO - Task scrapper.tasks.scrape_twitter[badb2aa3-06cb-4144-a246-4c9a9036c390] succeeded in 0.448554308999519s: None
2022-06-11 07:32:00,861 - celery.beat - INFO - Scheduler: Sending due task Twitter Scrapping (scrapper.tasks.scrape_twitter)
2022-06-11 07:32:00,863 - celery.worker.strategy - INFO - Task scrapper.tasks.scrape_twitter[5655b120-5b27-450b-89a2-b15869b57b53] received
2022-06-11 07:32:01,274 - celery.app.trace - INFO - Task scrapper.tasks.scrape_twitter[5655b120-5b27-450b-89a2-b15869b57b53] succeeded in 0.40993690400046034s: None
2022-06-11 07:33:00,872 - celery.beat - INFO - Scheduler: Sending due task Twitter Scrapping (scrapper.tasks.scrape_twitter)
2022-06-11 07:33:00,875 - celery.worker.strategy - INFO - Task scrapper.tasks.scrape_twitter[6dab1a00-6c7d-47d1-b67e-66f6bc462723] received
2022-06-11 07:33:01,307 - celery.app.trace - INFO - Task scrapper.tasks.scrape_twitter[6dab1a00-6c7d-47d1-b67e-66f6bc462723] succeeded in 0.43139977300052124s: None
2022-06-11 07:34:00,885 - celery.beat - INFO - Scheduler: Sending due task Twitter Scrapping (scrapper.tasks.scrape_twitter)
2022-06-11 07:34:00,887 - celery.worker.strategy - INFO - Task scrapper.tasks.scrape_twitter[1e06a577-bd80-4b70-975d-66be3a4e5882] received
2022-06-11 07:34:01,311 - celery.app.trace - INFO - Task scrapper.tasks.scrape_twitter[1e06a577-bd80-4b70-975d-66be3a4e5882] succeeded in 0.4228409280003689s: None
2022-06-11 07:35:00,896 - celery.beat - INFO - Scheduler: Sending due task Twitter Scrapping (scrapper.tasks.scrape_twitter)
2022-06-11 07:35:00,899 - celery.worker.strategy - INFO - Task scrapper.tasks.scrape_twitter[d37d432a-55bf-42ee-99df-9121a8617ed1] received
2022-06-11 07:35:01,322 - celery.app.trace - INFO - Task scrapper.tasks.scrape_twitter[d37d432a-55bf-42ee-99df-9121a8617ed1] succeeded in 0.4216842790001465s: None
2022-06-11 07:36:00,911 - celery.beat - INFO - Scheduler: Sending due task Twitter Scrapping (scrapper.tasks.scrape_twitter)
2022-06-11 07:36:00,913 - celery.worker.strategy - INFO - Task scrapper.tasks.scrape_twitter[bc98a5b5-f12a-43ab-b603-ef3c46b2755d] received
2022-06-11 07:36:01,339 - celery.app.trace - INFO - Task scrapper.tasks.scrape_twitter[bc98a5b5-f12a-43ab-b603-ef3c46b2755d] succeeded in 0.4254386330003399s: None
2022-06-11 07:37:00,921 - celery.beat - INFO - Scheduler: Sending due task Twitter Scrapping (scrapper.tasks.scrape_twitter)
2022-06-11 07:37:00,923 - celery.worker.strategy - INFO - Task scrapper.tasks.scrape_twitter[823ce9e5-a49a-4952-9c98-0bde48ac47d9] received
2022-06-11 07:37:01,323 - celery.app.trace - INFO - Task scrapper.tasks.scrape_twitter[823ce9e5-a49a-4952-9c98-0bde48ac47d9] succeeded in 0.3992765449993385s: None
2022-06-11 07:38:00,926 - celery.beat - INFO - Scheduler: Sending due task Twitter Scrapping (scrapper.tasks.scrape_twitter)
2022-06-11 07:38:00,928 - celery.worker.strategy - INFO - Task scrapper.tasks.scrape_twitter[0bf6f425-6168-46cb-9fab-67f4b0450aae] received
2022-06-11 07:38:01,340 - celery.app.trace - INFO - Task scrapper.tasks.scrape_twitter[0bf6f425-6168-46cb-9fab-67f4b0450aae] succeeded in 0.4109863809999297s: None
2022-06-11 07:39:00,937 - celery.beat - INFO - Scheduler: Sending due task Twitter Scrapping (scrapper.tasks.scrape_twitter)
2022-06-11 07:39:00,939 - celery.worker.strategy - INFO - Task scrapper.tasks.scrape_twitter[63041bfd-b8f6-40c7-a5d9-077a2f3138d6] received
2022-06-11 07:39:01,333 - celery.app.trace - INFO - Task scrapper.tasks.scrape_twitter[63041bfd-b8f6-40c7-a5d9-077a2f3138d6] succeeded in 0.3924314070000037s: None
2022-06-11 07:40:00,950 - celery.beat - INFO - Scheduler: Sending due task Twitter Scrapping (scrapper.tasks.scrape_twitter)
2022-06-11 07:40:00,952 - celery.worker.strategy - INFO - Task scrapper.tasks.scrape_twitter[c0434e85-08d5-4759-bbc3-cccaf4c170c3] received
2022-06-11 07:40:01,344 - celery.app.trace - INFO - Task scrapper.tasks.scrape_twitter[c0434e85-08d5-4759-bbc3-cccaf4c170c3] succeeded in 0.3906991560006645s: None
2022-06-11 07:41:00,398 - celery.beat - INFO - Scheduler: Sending due task Substack Scrapping (scrapper.tasks.scrape_substack)
2022-06-11 07:41:00,401 - celery.worker.strategy - INFO - Task scrapper.tasks.scrape_substack[8c9ce7e1-7820-4c01-bfe1-9f87ae65f8bb] received
2022-06-11 07:41:00,448 - celery.beat - INFO - Scheduler: Sending due task Spotify Scraping (scrapper.tasks.scrape_spotify)
2022-06-11 07:41:00,450 - celery.worker.strategy - INFO - Task scrapper.tasks.scrape_spotify[56d664cd-65c9-4eb8-8101-3b2666c96f22] received
2022-06-11 07:41:00,463 - celery.beat - INFO - Scheduler: Sending due task YouTube Scraping (scrapper.tasks.scrape_youtube)
2022-06-11 07:41:00,465 - celery.worker.strategy - INFO - Task scrapper.tasks.scrape_youtube[dc9fffd6-a51c-49b0-8d65-f8e47c524292] received
2022-06-11 07:41:00,641 - py.warnings - WARNING - /home/ebirdmax/Documents/Programmieren/researchbrowserproject-1/venv/lib/python3.10/site-packages/django/db/models/fields/__init__.py:1416: RuntimeWarning: DateTimeField Article.pub_date received a naive datetime (2022-06-09 18:15:09) while time zone support is active.
  warnings.warn("DateTimeField %s received a naive datetime (%s)"

2022-06-11 07:41:00,957 - celery.beat - INFO - Scheduler: Sending due task Twitter Scrapping (scrapper.tasks.scrape_twitter)
2022-06-11 07:41:00,959 - celery.worker.strategy - INFO - Task scrapper.tasks.scrape_twitter[8e0daa23-7e7c-4cb3-a706-c638cee876f8] received
2022-06-11 07:41:01,820 - celery.app.trace - INFO - Task scrapper.tasks.scrape_twitter[8e0daa23-7e7c-4cb3-a706-c638cee876f8] succeeded in 0.8600257489997603s: None
2022-06-11 07:41:03,692 - celery.app.trace - INFO - Task scrapper.tasks.scrape_youtube[dc9fffd6-a51c-49b0-8d65-f8e47c524292] succeeded in 3.2269784979998803s: None
2022-06-11 07:41:05,027 - celery.app.trace - INFO - Task scrapper.tasks.scrape_spotify[56d664cd-65c9-4eb8-8101-3b2666c96f22] succeeded in 4.576638966000246s: None
2022-06-11 07:41:30,944 - py.warnings - WARNING - /home/ebirdmax/Documents/Programmieren/researchbrowserproject-1/venv/lib/python3.10/site-packages/django/db/models/fields/__init__.py:1416: RuntimeWarning: DateTimeField Article.pub_date received a naive datetime (2022-06-10 14:50:04) while time zone support is active.
  warnings.warn("DateTimeField %s received a naive datetime (%s)"

2022-06-11 07:42:00,965 - celery.beat - INFO - Scheduler: Sending due task Twitter Scrapping (scrapper.tasks.scrape_twitter)
2022-06-11 07:42:00,968 - celery.worker.strategy - INFO - Task scrapper.tasks.scrape_twitter[091fbaac-fc60-40cb-8929-8479ab194856] received
2022-06-11 07:42:01,961 - celery.app.trace - INFO - Task scrapper.tasks.scrape_twitter[091fbaac-fc60-40cb-8929-8479ab194856] succeeded in 0.9919015139994372s: None
2022-06-11 07:42:02,133 - py.warnings - WARNING - /home/ebirdmax/Documents/Programmieren/researchbrowserproject-1/venv/lib/python3.10/site-packages/django/db/models/fields/__init__.py:1416: RuntimeWarning: DateTimeField Article.pub_date received a naive datetime (2022-04-04 13:00:44) while time zone support is active.
  warnings.warn("DateTimeField %s received a naive datetime (%s)"

2022-06-11 07:42:34,084 - py.warnings - WARNING - /home/ebirdmax/Documents/Programmieren/researchbrowserproject-1/venv/lib/python3.10/site-packages/django/db/models/fields/__init__.py:1416: RuntimeWarning: DateTimeField Article.pub_date received a naive datetime (2022-02-01 17:00:42) while time zone support is active.
  warnings.warn("DateTimeField %s received a naive datetime (%s)"

2022-06-11 07:43:00,977 - celery.beat - INFO - Scheduler: Sending due task Twitter Scrapping (scrapper.tasks.scrape_twitter)
2022-06-11 07:43:00,980 - celery.worker.strategy - INFO - Task scrapper.tasks.scrape_twitter[c1203523-7ec5-44e4-906f-f4233cf6a5aa] received
2022-06-11 07:43:01,904 - celery.app.trace - INFO - Task scrapper.tasks.scrape_twitter[c1203523-7ec5-44e4-906f-f4233cf6a5aa] succeeded in 0.9233466079995196s: None
2022-06-11 07:43:05,886 - py.warnings - WARNING - /home/ebirdmax/Documents/Programmieren/researchbrowserproject-1/venv/lib/python3.10/site-packages/django/db/models/fields/__init__.py:1416: RuntimeWarning: DateTimeField Article.pub_date received a naive datetime (2022-06-10 14:05:12) while time zone support is active.
  warnings.warn("DateTimeField %s received a naive datetime (%s)"

2022-06-11 07:43:41,337 - py.warnings - WARNING - /home/ebirdmax/Documents/Programmieren/researchbrowserproject-1/venv/lib/python3.10/site-packages/django/db/models/fields/__init__.py:1416: RuntimeWarning: DateTimeField Article.pub_date received a naive datetime (2022-06-09 14:00:56) while time zone support is active.
  warnings.warn("DateTimeField %s received a naive datetime (%s)"

2022-06-11 07:44:00,985 - celery.beat - INFO - Scheduler: Sending due task Twitter Scrapping (scrapper.tasks.scrape_twitter)
2022-06-11 07:44:00,987 - celery.worker.strategy - INFO - Task scrapper.tasks.scrape_twitter[addeafa0-c35b-410a-94b3-998a9207ed81] received
2022-06-11 07:44:01,873 - celery.app.trace - INFO - Task scrapper.tasks.scrape_twitter[addeafa0-c35b-410a-94b3-998a9207ed81] succeeded in 0.8850120970000717s: None
2022-06-11 07:44:12,366 - py.warnings - WARNING - /home/ebirdmax/Documents/Programmieren/researchbrowserproject-1/venv/lib/python3.10/site-packages/django/db/models/fields/__init__.py:1416: RuntimeWarning: DateTimeField Article.pub_date received a naive datetime (2022-06-11 03:30:29) while time zone support is active.
  warnings.warn("DateTimeField %s received a naive datetime (%s)"

2022-06-11 07:44:43,238 - py.warnings - WARNING - /home/ebirdmax/Documents/Programmieren/researchbrowserproject-1/venv/lib/python3.10/site-packages/django/db/models/fields/__init__.py:1416: RuntimeWarning: DateTimeField Article.pub_date received a naive datetime (2022-03-12 18:02:20) while time zone support is active.
  warnings.warn("DateTimeField %s received a naive datetime (%s)"

2022-06-11 07:45:00,997 - celery.beat - INFO - Scheduler: Sending due task Twitter Scrapping (scrapper.tasks.scrape_twitter)
2022-06-11 07:45:00,999 - celery.worker.strategy - INFO - Task scrapper.tasks.scrape_twitter[1e6e3b00-c7cf-4afc-bc5c-287e320cb7b6] received
2022-06-11 07:45:02,092 - celery.app.trace - INFO - Task scrapper.tasks.scrape_twitter[1e6e3b00-c7cf-4afc-bc5c-287e320cb7b6] succeeded in 1.0916741130004084s: None
2022-06-11 07:45:15,232 - py.warnings - WARNING - /home/ebirdmax/Documents/Programmieren/researchbrowserproject-1/venv/lib/python3.10/site-packages/django/db/models/fields/__init__.py:1416: RuntimeWarning: DateTimeField Article.pub_date received a naive datetime (2022-05-10 16:54:42) while time zone support is active.
  warnings.warn("DateTimeField %s received a naive datetime (%s)"

2022-06-11 07:45:46,416 - py.warnings - WARNING - /home/ebirdmax/Documents/Programmieren/researchbrowserproject-1/venv/lib/python3.10/site-packages/django/db/models/fields/__init__.py:1416: RuntimeWarning: DateTimeField Article.pub_date received a naive datetime (2022-05-13 01:25:30) while time zone support is active.
  warnings.warn("DateTimeField %s received a naive datetime (%s)"

2022-06-11 07:46:01,007 - celery.beat - INFO - Scheduler: Sending due task Twitter Scrapping (scrapper.tasks.scrape_twitter)
2022-06-11 07:46:01,009 - celery.worker.strategy - INFO - Task scrapper.tasks.scrape_twitter[adb1dafe-1134-46f8-8c32-727a001c1c12] received
2022-06-11 07:46:02,100 - celery.app.trace - INFO - Task scrapper.tasks.scrape_twitter[adb1dafe-1134-46f8-8c32-727a001c1c12] succeeded in 1.089794971999254s: None
2022-06-11 07:46:17,693 - py.warnings - WARNING - /home/ebirdmax/Documents/Programmieren/researchbrowserproject-1/venv/lib/python3.10/site-packages/django/db/models/fields/__init__.py:1416: RuntimeWarning: DateTimeField Article.pub_date received a naive datetime (2022-06-10 13:58:19) while time zone support is active.
  warnings.warn("DateTimeField %s received a naive datetime (%s)"

2022-06-11 07:46:48,908 - py.warnings - WARNING - /home/ebirdmax/Documents/Programmieren/researchbrowserproject-1/venv/lib/python3.10/site-packages/django/db/models/fields/__init__.py:1416: RuntimeWarning: DateTimeField Article.pub_date received a naive datetime (2022-04-19 20:26:30) while time zone support is active.
  warnings.warn("DateTimeField %s received a naive datetime (%s)"

2022-06-11 07:47:01,020 - celery.beat - INFO - Scheduler: Sending due task Twitter Scrapping (scrapper.tasks.scrape_twitter)
2022-06-11 07:47:01,024 - celery.worker.strategy - INFO - Task scrapper.tasks.scrape_twitter[da594dc5-2190-471c-9cf7-a00914c89dd3] received
2022-06-11 07:47:02,031 - celery.app.trace - INFO - Task scrapper.tasks.scrape_twitter[da594dc5-2190-471c-9cf7-a00914c89dd3] succeeded in 1.0061215969999466s: None
2022-06-11 07:47:19,864 - py.warnings - WARNING - /home/ebirdmax/Documents/Programmieren/researchbrowserproject-1/venv/lib/python3.10/site-packages/django/db/models/fields/__init__.py:1416: RuntimeWarning: DateTimeField Article.pub_date received a naive datetime (2022-05-25 16:05:37) while time zone support is active.
  warnings.warn("DateTimeField %s received a naive datetime (%s)"

2022-06-11 07:47:51,439 - py.warnings - WARNING - /home/ebirdmax/Documents/Programmieren/researchbrowserproject-1/venv/lib/python3.10/site-packages/django/db/models/fields/__init__.py:1416: RuntimeWarning: DateTimeField Article.pub_date received a naive datetime (2022-05-23 03:30:41) while time zone support is active.
  warnings.warn("DateTimeField %s received a naive datetime (%s)"

2022-06-11 07:48:01,033 - celery.beat - INFO - Scheduler: Sending due task Twitter Scrapping (scrapper.tasks.scrape_twitter)
2022-06-11 07:48:01,035 - celery.worker.strategy - INFO - Task scrapper.tasks.scrape_twitter[1c8b15db-b359-4abc-b3be-56d61e1d7573] received
2022-06-11 07:48:02,081 - celery.app.trace - INFO - Task scrapper.tasks.scrape_twitter[1c8b15db-b359-4abc-b3be-56d61e1d7573] succeeded in 1.045401041000332s: None
2022-06-11 07:48:22,291 - py.warnings - WARNING - /home/ebirdmax/Documents/Programmieren/researchbrowserproject-1/venv/lib/python3.10/site-packages/django/db/models/fields/__init__.py:1416: RuntimeWarning: DateTimeField Article.pub_date received a naive datetime (2020-01-10 04:55:33) while time zone support is active.
  warnings.warn("DateTimeField %s received a naive datetime (%s)"

2022-06-11 07:48:53,263 - py.warnings - WARNING - /home/ebirdmax/Documents/Programmieren/researchbrowserproject-1/venv/lib/python3.10/site-packages/django/db/models/fields/__init__.py:1416: RuntimeWarning: DateTimeField Article.pub_date received a naive datetime (2022-06-04 00:28:50) while time zone support is active.
  warnings.warn("DateTimeField %s received a naive datetime (%s)"

2022-06-11 07:49:01,045 - celery.beat - INFO - Scheduler: Sending due task Twitter Scrapping (scrapper.tasks.scrape_twitter)
2022-06-11 07:49:01,047 - celery.worker.strategy - INFO - Task scrapper.tasks.scrape_twitter[f4fb2639-875d-4d94-8a90-0a8e95efa2fb] received
2022-06-11 07:49:02,340 - celery.app.trace - INFO - Task scrapper.tasks.scrape_twitter[f4fb2639-875d-4d94-8a90-0a8e95efa2fb] succeeded in 1.2920020320007097s: None
2022-06-11 07:49:24,256 - py.warnings - WARNING - /home/ebirdmax/Documents/Programmieren/researchbrowserproject-1/venv/lib/python3.10/site-packages/django/db/models/fields/__init__.py:1416: RuntimeWarning: DateTimeField Article.pub_date received a naive datetime (2022-06-10 13:00:55) while time zone support is active.
  warnings.warn("DateTimeField %s received a naive datetime (%s)"

2022-06-11 07:49:55,364 - py.warnings - WARNING - /home/ebirdmax/Documents/Programmieren/researchbrowserproject-1/venv/lib/python3.10/site-packages/django/db/models/fields/__init__.py:1416: RuntimeWarning: DateTimeField Article.pub_date received a naive datetime (2022-06-02 10:51:35) while time zone support is active.
  warnings.warn("DateTimeField %s received a naive datetime (%s)"

2022-06-11 07:50:01,057 - celery.beat - INFO - Scheduler: Sending due task Twitter Scrapping (scrapper.tasks.scrape_twitter)
2022-06-11 07:50:01,059 - celery.worker.strategy - INFO - Task scrapper.tasks.scrape_twitter[a6624a80-5f97-4e95-85df-30ca715c3c3c] received
2022-06-11 07:50:02,115 - celery.app.trace - INFO - Task scrapper.tasks.scrape_twitter[a6624a80-5f97-4e95-85df-30ca715c3c3c] succeeded in 1.0545663789998798s: None
2022-06-11 07:50:26,790 - py.warnings - WARNING - /home/ebirdmax/Documents/Programmieren/researchbrowserproject-1/venv/lib/python3.10/site-packages/django/db/models/fields/__init__.py:1416: RuntimeWarning: DateTimeField Article.pub_date received a naive datetime (2022-01-14 15:23:09) while time zone support is active.
  warnings.warn("DateTimeField %s received a naive datetime (%s)"

2022-06-11 07:50:57,851 - py.warnings - WARNING - /home/ebirdmax/Documents/Programmieren/researchbrowserproject-1/venv/lib/python3.10/site-packages/django/db/models/fields/__init__.py:1416: RuntimeWarning: DateTimeField Article.pub_date received a naive datetime (2022-06-05 13:00:21) while time zone support is active.
  warnings.warn("DateTimeField %s received a naive datetime (%s)"

2022-06-11 07:51:01,069 - celery.beat - INFO - Scheduler: Sending due task Twitter Scrapping (scrapper.tasks.scrape_twitter)
2022-06-11 07:51:01,071 - celery.worker.strategy - INFO - Task scrapper.tasks.scrape_twitter[b35b7f5d-bafe-45e3-872e-397493e859c1] received
2022-06-11 07:51:02,296 - celery.app.trace - INFO - Task scrapper.tasks.scrape_twitter[b35b7f5d-bafe-45e3-872e-397493e859c1] succeeded in 1.2241903260000981s: None
2022-06-11 07:51:28,912 - py.warnings - WARNING - /home/ebirdmax/Documents/Programmieren/researchbrowserproject-1/venv/lib/python3.10/site-packages/django/db/models/fields/__init__.py:1416: RuntimeWarning: DateTimeField Article.pub_date received a naive datetime (2022-06-10 17:45:16) while time zone support is active.
  warnings.warn("DateTimeField %s received a naive datetime (%s)"

2022-06-11 07:51:59,753 - py.warnings - WARNING - /home/ebirdmax/Documents/Programmieren/researchbrowserproject-1/venv/lib/python3.10/site-packages/django/db/models/fields/__init__.py:1416: RuntimeWarning: DateTimeField Article.pub_date received a naive datetime (2022-02-28 17:20:03) while time zone support is active.
  warnings.warn("DateTimeField %s received a naive datetime (%s)"

2022-06-11 07:52:01,073 - celery.beat - INFO - Scheduler: Sending due task Twitter Scrapping (scrapper.tasks.scrape_twitter)
2022-06-11 07:52:01,074 - celery.worker.strategy - INFO - Task scrapper.tasks.scrape_twitter[235f1fbc-97be-49cb-99e7-ec13f6cc83ec] received
2022-06-11 07:52:02,091 - celery.app.trace - INFO - Task scrapper.tasks.scrape_twitter[235f1fbc-97be-49cb-99e7-ec13f6cc83ec] succeeded in 1.0156294979997256s: None
2022-06-11 07:52:30,308 - py.warnings - WARNING - /home/ebirdmax/Documents/Programmieren/researchbrowserproject-1/venv/lib/python3.10/site-packages/django/db/models/fields/__init__.py:1416: RuntimeWarning: DateTimeField Article.pub_date received a naive datetime (2022-05-31 12:57:15) while time zone support is active.
  warnings.warn("DateTimeField %s received a naive datetime (%s)"

2022-06-11 07:53:01,084 - celery.beat - INFO - Scheduler: Sending due task Twitter Scrapping (scrapper.tasks.scrape_twitter)
2022-06-11 07:53:01,087 - celery.worker.strategy - INFO - Task scrapper.tasks.scrape_twitter[8f7abdc8-4bce-46d7-be97-b6f9b493efe9] received
2022-06-11 07:53:01,511 - py.warnings - WARNING - /home/ebirdmax/Documents/Programmieren/researchbrowserproject-1/venv/lib/python3.10/site-packages/django/db/models/fields/__init__.py:1416: RuntimeWarning: DateTimeField Article.pub_date received a naive datetime (2022-02-01 19:54:35) while time zone support is active.
  warnings.warn("DateTimeField %s received a naive datetime (%s)"

2022-06-11 07:53:02,036 - celery.app.trace - INFO - Task scrapper.tasks.scrape_twitter[8f7abdc8-4bce-46d7-be97-b6f9b493efe9] succeeded in 0.9482605000002877s: None
2022-06-11 07:53:32,981 - py.warnings - WARNING - /home/ebirdmax/Documents/Programmieren/researchbrowserproject-1/venv/lib/python3.10/site-packages/django/db/models/fields/__init__.py:1416: RuntimeWarning: DateTimeField Article.pub_date received a naive datetime (2022-06-07 14:06:00) while time zone support is active.
  warnings.warn("DateTimeField %s received a naive datetime (%s)"

2022-06-11 07:54:01,118 - celery.beat - INFO - Scheduler: Sending due task Twitter Scrapping (scrapper.tasks.scrape_twitter)
2022-06-11 07:54:01,120 - celery.worker.strategy - INFO - Task scrapper.tasks.scrape_twitter[e964277c-e6a3-459d-8c61-44b86018565b] received
2022-06-11 07:54:02,091 - celery.app.trace - INFO - Task scrapper.tasks.scrape_twitter[e964277c-e6a3-459d-8c61-44b86018565b] succeeded in 0.9702931730007549s: None
2022-06-11 07:54:03,756 - py.warnings - WARNING - /home/ebirdmax/Documents/Programmieren/researchbrowserproject-1/venv/lib/python3.10/site-packages/django/db/models/fields/__init__.py:1416: RuntimeWarning: DateTimeField Article.pub_date received a naive datetime (2022-06-09 17:00:26) while time zone support is active.
  warnings.warn("DateTimeField %s received a naive datetime (%s)"

2022-06-11 07:54:33,995 - py.warnings - WARNING - /home/ebirdmax/Documents/Programmieren/researchbrowserproject-1/venv/lib/python3.10/site-packages/django/db/models/fields/__init__.py:1416: RuntimeWarning: DateTimeField Article.pub_date received a naive datetime (2022-06-10 17:30:01) while time zone support is active.
  warnings.warn("DateTimeField %s received a naive datetime (%s)"

2022-06-11 07:55:01,126 - celery.beat - INFO - Scheduler: Sending due task Twitter Scrapping (scrapper.tasks.scrape_twitter)
2022-06-11 07:55:01,129 - celery.worker.strategy - INFO - Task scrapper.tasks.scrape_twitter[71f5cb2e-622d-441e-9716-a7b8dba9d4bd] received
2022-06-11 07:55:02,167 - celery.app.trace - INFO - Task scrapper.tasks.scrape_twitter[71f5cb2e-622d-441e-9716-a7b8dba9d4bd] succeeded in 1.0372194060000766s: None
2022-06-11 07:55:05,155 - py.warnings - WARNING - /home/ebirdmax/Documents/Programmieren/researchbrowserproject-1/venv/lib/python3.10/site-packages/django/db/models/fields/__init__.py:1416: RuntimeWarning: DateTimeField Article.pub_date received a naive datetime (2022-06-10 02:22:11) while time zone support is active.
  warnings.warn("DateTimeField %s received a naive datetime (%s)"

2022-06-11 07:55:35,363 - py.warnings - WARNING - /home/ebirdmax/Documents/Programmieren/researchbrowserproject-1/venv/lib/python3.10/site-packages/django/db/models/fields/__init__.py:1416: RuntimeWarning: DateTimeField Article.pub_date received a naive datetime (2022-06-09 09:36:04) while time zone support is active.
  warnings.warn("DateTimeField %s received a naive datetime (%s)"

2022-06-11 07:56:00,458 - celery.beat - INFO - Scheduler: Sending due task Spotify Scraping (scrapper.tasks.scrape_spotify)
2022-06-11 07:56:00,460 - celery.worker.strategy - INFO - Task scrapper.tasks.scrape_spotify[4d690752-9e05-4e3f-b6be-0b67429f3589] received
2022-06-11 07:56:00,476 - celery.beat - INFO - Scheduler: Sending due task YouTube Scraping (scrapper.tasks.scrape_youtube)
2022-06-11 07:56:00,478 - celery.worker.strategy - INFO - Task scrapper.tasks.scrape_youtube[c95f2ba9-ae0e-46ba-b519-fc68ac71ad76] received
2022-06-11 07:56:01,127 - celery.beat - INFO - Scheduler: Sending due task Twitter Scrapping (scrapper.tasks.scrape_twitter)
2022-06-11 07:56:01,128 - celery.worker.strategy - INFO - Task scrapper.tasks.scrape_twitter[c006f36c-148b-4cc8-aece-21c7df6684d6] received
2022-06-11 07:56:02,102 - celery.app.trace - INFO - Task scrapper.tasks.scrape_twitter[c006f36c-148b-4cc8-aece-21c7df6684d6] succeeded in 0.9732902620007735s: None
2022-06-11 07:56:03,544 - celery.app.trace - INFO - Task scrapper.tasks.scrape_youtube[c95f2ba9-ae0e-46ba-b519-fc68ac71ad76] succeeded in 3.0647978029992373s: None
2022-06-11 07:56:05,150 - celery.app.trace - INFO - Task scrapper.tasks.scrape_spotify[4d690752-9e05-4e3f-b6be-0b67429f3589] succeeded in 4.689262373999554s: None
2022-06-11 07:56:05,393 - celery.app.trace - INFO - Task scrapper.tasks.scrape_substack[8c9ce7e1-7820-4c01-bfe1-9f87ae65f8bb] succeeded in 904.9918040760003s: None
2022-06-11 07:57:01,219 - celery.beat - INFO - Scheduler: Sending due task Twitter Scrapping (scrapper.tasks.scrape_twitter)
2022-06-11 07:57:01,221 - celery.worker.strategy - INFO - Task scrapper.tasks.scrape_twitter[8bc89554-a051-4647-8ea6-d639ffc2ed2d] received
2022-06-11 07:57:02,142 - celery.app.trace - INFO - Task scrapper.tasks.scrape_twitter[8bc89554-a051-4647-8ea6-d639ffc2ed2d] succeeded in 0.9196995109996351s: None
2022-06-11 07:58:01,231 - celery.beat - INFO - Scheduler: Sending due task Twitter Scrapping (scrapper.tasks.scrape_twitter)
2022-06-11 07:58:01,234 - celery.worker.strategy - INFO - Task scrapper.tasks.scrape_twitter[5f6c3bb0-58e9-4dae-a206-36dc64d000f2] received
2022-06-11 07:58:02,229 - celery.app.trace - INFO - Task scrapper.tasks.scrape_twitter[5f6c3bb0-58e9-4dae-a206-36dc64d000f2] succeeded in 0.9942791419998684s: None
2022-06-11 07:59:01,242 - celery.beat - INFO - Scheduler: Sending due task Twitter Scrapping (scrapper.tasks.scrape_twitter)
2022-06-11 07:59:01,245 - celery.worker.strategy - INFO - Task scrapper.tasks.scrape_twitter[4358a0dd-af34-4eb8-9793-a7d6078556b9] received
2022-06-11 07:59:02,189 - celery.app.trace - INFO - Task scrapper.tasks.scrape_twitter[4358a0dd-af34-4eb8-9793-a7d6078556b9] succeeded in 0.9433566979996613s: None
2022-06-11 08:00:01,271 - celery.beat - INFO - Scheduler: Sending due task Twitter Scrapping (scrapper.tasks.scrape_twitter)
2022-06-11 08:00:01,273 - celery.worker.strategy - INFO - Task scrapper.tasks.scrape_twitter[6ad71f64-81ec-4c06-bb9a-5d4b7d4d2cbb] received
2022-06-11 08:00:02,339 - celery.app.trace - INFO - Task scrapper.tasks.scrape_twitter[6ad71f64-81ec-4c06-bb9a-5d4b7d4d2cbb] succeeded in 1.0649953290003396s: None
2022-06-11 08:01:01,281 - celery.beat - INFO - Scheduler: Sending due task Twitter Scrapping (scrapper.tasks.scrape_twitter)
2022-06-11 08:01:01,283 - celery.worker.strategy - INFO - Task scrapper.tasks.scrape_twitter[9306d747-2420-469f-9787-550a090581b1] received
2022-06-11 08:01:02,291 - celery.app.trace - INFO - Task scrapper.tasks.scrape_twitter[9306d747-2420-469f-9787-550a090581b1] succeeded in 1.0071695930000715s: None
2022-06-11 08:02:01,290 - celery.beat - INFO - Scheduler: Sending due task Twitter Scrapping (scrapper.tasks.scrape_twitter)
2022-06-11 08:02:01,292 - celery.worker.strategy - INFO - Task scrapper.tasks.scrape_twitter[32a81cd4-6560-4e50-bd48-ad1c88c44496] received
2022-06-11 08:02:02,228 - celery.app.trace - INFO - Task scrapper.tasks.scrape_twitter[32a81cd4-6560-4e50-bd48-ad1c88c44496] succeeded in 0.935019879999345s: None
2022-06-11 08:03:01,327 - celery.beat - INFO - Scheduler: Sending due task Twitter Scrapping (scrapper.tasks.scrape_twitter)
2022-06-11 08:03:01,329 - celery.worker.strategy - INFO - Task scrapper.tasks.scrape_twitter[cb393dbc-8caf-4238-970e-190e643edfc4] received
2022-06-11 08:03:02,301 - celery.app.trace - INFO - Task scrapper.tasks.scrape_twitter[cb393dbc-8caf-4238-970e-190e643edfc4] succeeded in 0.970308448000651s: None
2022-06-11 08:04:01,339 - celery.beat - INFO - Scheduler: Sending due task Twitter Scrapping (scrapper.tasks.scrape_twitter)
2022-06-11 08:04:01,341 - celery.worker.strategy - INFO - Task scrapper.tasks.scrape_twitter[5119d82d-6525-44ae-b3a1-3277023e42b1] received
2022-06-11 08:04:02,680 - celery.app.trace - INFO - Task scrapper.tasks.scrape_twitter[5119d82d-6525-44ae-b3a1-3277023e42b1] succeeded in 1.337616159999925s: None
2022-06-11 08:05:01,350 - celery.beat - INFO - Scheduler: Sending due task Twitter Scrapping (scrapper.tasks.scrape_twitter)
2022-06-11 08:05:01,355 - celery.worker.strategy - INFO - Task scrapper.tasks.scrape_twitter[c2839bd4-5207-4e73-81ea-06e2732a9545] received
2022-06-11 08:05:02,417 - celery.app.trace - INFO - Task scrapper.tasks.scrape_twitter[c2839bd4-5207-4e73-81ea-06e2732a9545] succeeded in 1.0608227679995252s: None
2022-06-11 08:06:01,389 - celery.beat - INFO - Scheduler: Sending due task Twitter Scrapping (scrapper.tasks.scrape_twitter)
2022-06-11 08:06:01,391 - celery.worker.strategy - INFO - Task scrapper.tasks.scrape_twitter[89a34434-48ee-423a-9c86-884000e7e817] received
2022-06-11 08:06:02,451 - celery.app.trace - INFO - Task scrapper.tasks.scrape_twitter[89a34434-48ee-423a-9c86-884000e7e817] succeeded in 1.0584831169999234s: None
2022-06-11 08:07:01,401 - celery.beat - INFO - Scheduler: Sending due task Twitter Scrapping (scrapper.tasks.scrape_twitter)
2022-06-11 08:07:01,404 - celery.worker.strategy - INFO - Task scrapper.tasks.scrape_twitter[eb291ec5-8ca8-4b05-a10f-67457336d421] received
2022-06-11 08:07:02,466 - celery.app.trace - INFO - Task scrapper.tasks.scrape_twitter[eb291ec5-8ca8-4b05-a10f-67457336d421] succeeded in 1.0611788430005618s: None
2022-06-11 08:08:01,414 - celery.beat - INFO - Scheduler: Sending due task Twitter Scrapping (scrapper.tasks.scrape_twitter)
2022-06-11 08:08:01,416 - celery.worker.strategy - INFO - Task scrapper.tasks.scrape_twitter[2f4e0ea2-6f19-406a-959c-ea1b3c52f55f] received
2022-06-11 08:08:02,443 - celery.app.trace - INFO - Task scrapper.tasks.scrape_twitter[2f4e0ea2-6f19-406a-959c-ea1b3c52f55f] succeeded in 1.0250596949999817s: None
2022-06-11 08:09:01,455 - celery.beat - INFO - Scheduler: Sending due task Twitter Scrapping (scrapper.tasks.scrape_twitter)
2022-06-11 08:09:01,457 - celery.worker.strategy - INFO - Task scrapper.tasks.scrape_twitter[d43eba21-4fce-4538-84d9-663fc9146dd9] received
2022-06-11 08:09:02,546 - celery.app.trace - INFO - Task scrapper.tasks.scrape_twitter[d43eba21-4fce-4538-84d9-663fc9146dd9] succeeded in 1.0878434739997829s: None
2022-06-11 08:10:01,467 - celery.beat - INFO - Scheduler: Sending due task Twitter Scrapping (scrapper.tasks.scrape_twitter)
2022-06-11 08:10:01,470 - celery.worker.strategy - INFO - Task scrapper.tasks.scrape_twitter[bb4b5fa0-1295-418d-b964-8bd95f84801e] received
2022-06-11 08:10:02,375 - celery.app.trace - INFO - Task scrapper.tasks.scrape_twitter[bb4b5fa0-1295-418d-b964-8bd95f84801e] succeeded in 0.9041875389993947s: None
2022-06-11 08:11:00,461 - celery.beat - INFO - Scheduler: Sending due task Spotify Scraping (scrapper.tasks.scrape_spotify)
2022-06-11 08:11:00,463 - celery.worker.strategy - INFO - Task scrapper.tasks.scrape_spotify[ff04c92f-1ae2-442f-b049-74aa1dccaa88] received
2022-06-11 08:11:00,477 - celery.beat - INFO - Scheduler: Sending due task YouTube Scraping (scrapper.tasks.scrape_youtube)
2022-06-11 08:11:00,479 - celery.worker.strategy - INFO - Task scrapper.tasks.scrape_youtube[25f5bfbe-be7a-4c98-bd79-168199501bfc] received
2022-06-11 08:11:01,474 - celery.beat - INFO - Scheduler: Sending due task Twitter Scrapping (scrapper.tasks.scrape_twitter)
2022-06-11 08:11:01,476 - celery.worker.strategy - INFO - Task scrapper.tasks.scrape_twitter[abb468ff-e737-4a99-b44f-3f2022fb85e2] received
2022-06-11 08:11:02,374 - celery.app.trace - INFO - Task scrapper.tasks.scrape_twitter[abb468ff-e737-4a99-b44f-3f2022fb85e2] succeeded in 0.8973474459999125s: None
2022-06-11 08:11:03,640 - celery.app.trace - INFO - Task scrapper.tasks.scrape_youtube[25f5bfbe-be7a-4c98-bd79-168199501bfc] succeeded in 3.1601149210000585s: None
2022-06-11 08:11:05,963 - celery.app.trace - INFO - Task scrapper.tasks.scrape_spotify[ff04c92f-1ae2-442f-b049-74aa1dccaa88] succeeded in 5.498561382999469s: None
2022-06-11 08:12:01,560 - celery.beat - INFO - Scheduler: Sending due task Twitter Scrapping (scrapper.tasks.scrape_twitter)
2022-06-11 08:12:01,562 - celery.worker.strategy - INFO - Task scrapper.tasks.scrape_twitter[ce9cee35-fe17-4172-b1ab-c5b1a77df9dd] received
2022-06-11 08:12:02,580 - celery.app.trace - INFO - Task scrapper.tasks.scrape_twitter[ce9cee35-fe17-4172-b1ab-c5b1a77df9dd] succeeded in 1.0174429970002166s: None
2022-06-11 08:13:01,569 - celery.beat - INFO - Scheduler: Sending due task Twitter Scrapping (scrapper.tasks.scrape_twitter)
2022-06-11 08:13:01,571 - celery.worker.strategy - INFO - Task scrapper.tasks.scrape_twitter[f268edda-c085-4209-b5d2-b9f30e525d11] received
2022-06-11 08:13:02,477 - celery.app.trace - INFO - Task scrapper.tasks.scrape_twitter[f268edda-c085-4209-b5d2-b9f30e525d11] succeeded in 0.9049359709997589s: None
2022-06-11 08:14:01,581 - celery.beat - INFO - Scheduler: Sending due task Twitter Scrapping (scrapper.tasks.scrape_twitter)
2022-06-11 08:14:01,586 - celery.worker.strategy - INFO - Task scrapper.tasks.scrape_twitter[37ca1bec-405b-42fb-8afe-2deef2a4d72c] received
2022-06-11 08:14:02,720 - celery.app.trace - INFO - Task scrapper.tasks.scrape_twitter[37ca1bec-405b-42fb-8afe-2deef2a4d72c] succeeded in 1.1326544450002984s: None
2022-06-11 08:15:01,622 - celery.beat - INFO - Scheduler: Sending due task Twitter Scrapping (scrapper.tasks.scrape_twitter)
2022-06-11 08:15:01,624 - celery.worker.strategy - INFO - Task scrapper.tasks.scrape_twitter[3e307de8-a1b8-485f-97c9-a7765a20d0ee] received
2022-06-11 08:15:02,625 - celery.app.trace - INFO - Task scrapper.tasks.scrape_twitter[3e307de8-a1b8-485f-97c9-a7765a20d0ee] succeeded in 0.9994700789993658s: None
2022-06-11 08:16:01,632 - celery.beat - INFO - Scheduler: Sending due task Twitter Scrapping (scrapper.tasks.scrape_twitter)
2022-06-11 08:16:01,634 - celery.worker.strategy - INFO - Task scrapper.tasks.scrape_twitter[8f2523b0-4a3e-4fd3-905c-91e9f74815de] received
2022-06-11 08:16:02,654 - celery.app.trace - INFO - Task scrapper.tasks.scrape_twitter[8f2523b0-4a3e-4fd3-905c-91e9f74815de] succeeded in 1.0183088860003409s: None
2022-06-11 08:17:01,644 - celery.beat - INFO - Scheduler: Sending due task Twitter Scrapping (scrapper.tasks.scrape_twitter)
2022-06-11 08:17:01,646 - celery.worker.strategy - INFO - Task scrapper.tasks.scrape_twitter[7dfb0b8d-961a-44a8-babd-c5c8af7ee713] received
2022-06-11 08:17:02,625 - celery.app.trace - INFO - Task scrapper.tasks.scrape_twitter[7dfb0b8d-961a-44a8-babd-c5c8af7ee713] succeeded in 0.9781255130001227s: None
2022-06-11 08:18:01,682 - celery.beat - INFO - Scheduler: Sending due task Twitter Scrapping (scrapper.tasks.scrape_twitter)
2022-06-11 08:18:01,684 - celery.worker.strategy - INFO - Task scrapper.tasks.scrape_twitter[bffeaf32-cc57-4d36-b4a7-71dd6876aeb7] received
2022-06-11 08:18:02,697 - celery.app.trace - INFO - Task scrapper.tasks.scrape_twitter[bffeaf32-cc57-4d36-b4a7-71dd6876aeb7] succeeded in 1.0121178609997514s: None
2022-06-11 08:19:01,692 - celery.beat - INFO - Scheduler: Sending due task Twitter Scrapping (scrapper.tasks.scrape_twitter)
2022-06-11 08:19:01,695 - celery.worker.strategy - INFO - Task scrapper.tasks.scrape_twitter[0420f68a-490f-4d5f-bdc0-0a784fadba4e] received
2022-06-11 08:19:02,741 - celery.app.trace - INFO - Task scrapper.tasks.scrape_twitter[0420f68a-490f-4d5f-bdc0-0a784fadba4e] succeeded in 1.0445408570003565s: None
2022-06-11 08:20:01,705 - celery.beat - INFO - Scheduler: Sending due task Twitter Scrapping (scrapper.tasks.scrape_twitter)
2022-06-11 08:20:01,707 - celery.worker.strategy - INFO - Task scrapper.tasks.scrape_twitter[22d2120b-ed74-4742-9e02-dfd88bdaaa2a] received
2022-06-11 08:20:02,705 - celery.app.trace - INFO - Task scrapper.tasks.scrape_twitter[22d2120b-ed74-4742-9e02-dfd88bdaaa2a] succeeded in 0.9969228740001199s: None
2022-06-11 08:21:01,742 - celery.beat - INFO - Scheduler: Sending due task Twitter Scrapping (scrapper.tasks.scrape_twitter)
2022-06-11 08:21:01,744 - celery.worker.strategy - INFO - Task scrapper.tasks.scrape_twitter[8e60544a-6dd3-4a9f-99e2-a2e01043e5ce] received
2022-06-11 08:21:02,699 - celery.app.trace - INFO - Task scrapper.tasks.scrape_twitter[8e60544a-6dd3-4a9f-99e2-a2e01043e5ce] succeeded in 0.9536675740000646s: None
2022-06-11 08:22:01,753 - celery.beat - INFO - Scheduler: Sending due task Twitter Scrapping (scrapper.tasks.scrape_twitter)
2022-06-11 08:22:01,756 - celery.worker.strategy - INFO - Task scrapper.tasks.scrape_twitter[d0471df4-53c5-43df-ad7c-f35fad8efb7f] received
2022-06-11 08:22:02,643 - celery.app.trace - INFO - Task scrapper.tasks.scrape_twitter[d0471df4-53c5-43df-ad7c-f35fad8efb7f] succeeded in 0.8862842990001809s: None
2022-06-11 08:23:01,765 - celery.beat - INFO - Scheduler: Sending due task Twitter Scrapping (scrapper.tasks.scrape_twitter)
2022-06-11 08:23:01,768 - celery.worker.strategy - INFO - Task scrapper.tasks.scrape_twitter[300b2aac-6435-400b-896b-a84aa2da9c90] received
2022-06-11 08:23:02,688 - celery.app.trace - INFO - Task scrapper.tasks.scrape_twitter[300b2aac-6435-400b-896b-a84aa2da9c90] succeeded in 0.9195986969998557s: None
2022-06-11 08:24:01,803 - celery.beat - INFO - Scheduler: Sending due task Twitter Scrapping (scrapper.tasks.scrape_twitter)
2022-06-11 08:24:01,806 - celery.worker.strategy - INFO - Task scrapper.tasks.scrape_twitter[4615b9ca-5358-4f45-954e-60ec75d8bdc3] received
2022-06-11 08:24:02,862 - celery.app.trace - INFO - Task scrapper.tasks.scrape_twitter[4615b9ca-5358-4f45-954e-60ec75d8bdc3] succeeded in 1.0556785639992086s: None
2022-06-11 08:25:01,813 - celery.beat - INFO - Scheduler: Sending due task Twitter Scrapping (scrapper.tasks.scrape_twitter)
2022-06-11 08:25:01,815 - celery.worker.strategy - INFO - Task scrapper.tasks.scrape_twitter[9e448243-cf3d-4f01-8cfb-e70ecde97e8b] received
2022-06-11 08:25:02,853 - celery.app.trace - INFO - Task scrapper.tasks.scrape_twitter[9e448243-cf3d-4f01-8cfb-e70ecde97e8b] succeeded in 1.0363054469999042s: None
2022-06-11 08:26:00,467 - celery.beat - INFO - Scheduler: Sending due task Spotify Scraping (scrapper.tasks.scrape_spotify)
2022-06-11 08:26:00,469 - celery.worker.strategy - INFO - Task scrapper.tasks.scrape_spotify[710f642e-601f-444e-b0b7-6958cef7cb92] received
2022-06-11 08:26:00,485 - celery.beat - INFO - Scheduler: Sending due task YouTube Scraping (scrapper.tasks.scrape_youtube)
2022-06-11 08:26:00,487 - celery.worker.strategy - INFO - Task scrapper.tasks.scrape_youtube[e975c083-2556-413d-8fe6-6c7b352d0f01] received
2022-06-11 08:26:01,816 - celery.beat - INFO - Scheduler: Sending due task Twitter Scrapping (scrapper.tasks.scrape_twitter)
2022-06-11 08:26:01,818 - celery.worker.strategy - INFO - Task scrapper.tasks.scrape_twitter[28afabc2-3210-4e10-885f-9cfaafc2518f] received
2022-06-11 08:26:02,871 - celery.app.trace - INFO - Task scrapper.tasks.scrape_twitter[28afabc2-3210-4e10-885f-9cfaafc2518f] succeeded in 1.0531741069999043s: None
2022-06-11 08:26:03,838 - celery.app.trace - INFO - Task scrapper.tasks.scrape_youtube[e975c083-2556-413d-8fe6-6c7b352d0f01] succeeded in 3.3497445680004603s: None
2022-06-11 08:26:04,851 - celery.app.trace - INFO - Task scrapper.tasks.scrape_spotify[710f642e-601f-444e-b0b7-6958cef7cb92] succeeded in 4.379964718000338s: None
2022-06-11 08:27:01,906 - celery.beat - INFO - Scheduler: Sending due task Twitter Scrapping (scrapper.tasks.scrape_twitter)
2022-06-11 08:27:01,909 - celery.worker.strategy - INFO - Task scrapper.tasks.scrape_twitter[af0de90b-78e9-41e0-a3d4-d9aefa85ddff] received
2022-06-11 08:27:02,901 - celery.app.trace - INFO - Task scrapper.tasks.scrape_twitter[af0de90b-78e9-41e0-a3d4-d9aefa85ddff] succeeded in 0.9904932640001789s: None
2022-06-11 08:28:01,918 - celery.beat - INFO - Scheduler: Sending due task Twitter Scrapping (scrapper.tasks.scrape_twitter)
2022-06-11 08:28:01,920 - celery.worker.strategy - INFO - Task scrapper.tasks.scrape_twitter[a045e2c7-50c6-4c7c-90de-51f70ca4dca9] received
2022-06-11 08:28:03,011 - celery.app.trace - INFO - Task scrapper.tasks.scrape_twitter[a045e2c7-50c6-4c7c-90de-51f70ca4dca9] succeeded in 1.0897423289998187s: None
2022-06-11 08:29:01,925 - celery.beat - INFO - Scheduler: Sending due task Twitter Scrapping (scrapper.tasks.scrape_twitter)
2022-06-11 08:29:01,927 - celery.worker.strategy - INFO - Task scrapper.tasks.scrape_twitter[555509ff-e796-4f71-8c93-6729142f89f4] received
2022-06-11 08:29:02,873 - celery.app.trace - INFO - Task scrapper.tasks.scrape_twitter[555509ff-e796-4f71-8c93-6729142f89f4] succeeded in 0.9446784869996918s: None
2022-06-11 08:30:01,944 - celery.beat - INFO - Scheduler: Sending due task Twitter Scrapping (scrapper.tasks.scrape_twitter)
2022-06-11 08:30:01,947 - celery.worker.strategy - INFO - Task scrapper.tasks.scrape_twitter[ca79048b-2805-4e1d-9f6b-2f152f694bca] received
2022-06-11 08:30:02,832 - celery.app.trace - INFO - Task scrapper.tasks.scrape_twitter[ca79048b-2805-4e1d-9f6b-2f152f694bca] succeeded in 0.8848016359988833s: None
2022-06-11 08:31:01,953 - celery.beat - INFO - Scheduler: Sending due task Twitter Scrapping (scrapper.tasks.scrape_twitter)
2022-06-11 08:31:01,956 - celery.worker.strategy - INFO - Task scrapper.tasks.scrape_twitter[2cca3d7b-61f4-4b5f-b14c-a54ad312347a] received
2022-06-11 08:31:02,959 - celery.app.trace - INFO - Task scrapper.tasks.scrape_twitter[2cca3d7b-61f4-4b5f-b14c-a54ad312347a] succeeded in 1.0018624700005603s: None
2022-06-11 08:32:01,965 - celery.beat - INFO - Scheduler: Sending due task Twitter Scrapping (scrapper.tasks.scrape_twitter)
2022-06-11 08:32:01,967 - celery.worker.strategy - INFO - Task scrapper.tasks.scrape_twitter[8b98ddb4-6ca1-4005-a786-65a435e2aee5] received
2022-06-11 08:32:02,874 - celery.app.trace - INFO - Task scrapper.tasks.scrape_twitter[8b98ddb4-6ca1-4005-a786-65a435e2aee5] succeeded in 0.9059629219991621s: None
2022-06-11 08:33:02,048 - celery.beat - INFO - Scheduler: Sending due task Twitter Scrapping (scrapper.tasks.scrape_twitter)
2022-06-11 08:33:02,051 - celery.worker.strategy - INFO - Task scrapper.tasks.scrape_twitter[2c043f4f-4c0a-4574-874f-f8af3c497dda] received
2022-06-11 08:33:02,882 - celery.app.trace - INFO - Task scrapper.tasks.scrape_twitter[2c043f4f-4c0a-4574-874f-f8af3c497dda] succeeded in 0.8301355430012336s: None
